2024-12-02T22:48:14.790+01:00  INFO 2168 --- [SafetyNet Alerts] [main] c.s.a.SafetyNetAlertsApplicationTests    : Starting SafetyNetAlertsApplicationTests using Java 17.0.12 with PID 2168 (started by hacha in C:\wamp64\www\openclassrooms\P5-CrÈez votre premiËre application web avec Spring Boot\SafetyNetAlerts)
2024-12-02T22:48:14.794+01:00 DEBUG 2168 --- [SafetyNet Alerts] [main] c.s.a.SafetyNetAlertsApplicationTests    : Running with Spring Boot v3.3.5, Spring v6.1.14
2024-12-02T22:48:14.796+01:00  INFO 2168 --- [SafetyNet Alerts] [main] c.s.a.SafetyNetAlertsApplicationTests    : No active profile set, falling back to 1 default profile: "default"
2024-12-02T22:48:14.953+01:00 DEBUG 2168 --- [SafetyNet Alerts] [main] o.s.w.c.s.GenericWebApplicationContext   : Refreshing org.springframework.web.context.support.GenericWebApplicationContext@61f377d1
2024-12-02T22:48:17.993+01:00  INFO 2168 --- [SafetyNet Alerts] [main] .s.d.r.c.RepositoryConfigurationDelegate : Bootstrapping Spring Data JPA repositories in DEFAULT mode.
2024-12-02T22:48:18.051+01:00  INFO 2168 --- [SafetyNet Alerts] [main] .s.d.r.c.RepositoryConfigurationDelegate : Finished Spring Data repository scanning in 37 ms. Found 0 JPA repository interfaces.
2024-12-02T22:48:19.729+01:00  INFO 2168 --- [SafetyNet Alerts] [main] com.zaxxer.hikari.HikariDataSource       : HikariPool-1 - Starting...
2024-12-02T22:48:20.509+01:00  INFO 2168 --- [SafetyNet Alerts] [main] com.zaxxer.hikari.pool.HikariPool        : HikariPool-1 - Added connection conn0: url=jdbc:h2:mem:b1f05c2d-adda-4ebc-b469-8ebe1479dd7e user=SA
2024-12-02T22:48:20.514+01:00  INFO 2168 --- [SafetyNet Alerts] [main] com.zaxxer.hikari.HikariDataSource       : HikariPool-1 - Start completed.
2024-12-02T22:48:20.641+01:00  INFO 2168 --- [SafetyNet Alerts] [main] o.hibernate.jpa.internal.util.LogHelper  : HHH000204: Processing PersistenceUnitInfo [name: default]
2024-12-02T22:48:20.856+01:00  INFO 2168 --- [SafetyNet Alerts] [main] org.hibernate.Version                    : HHH000412: Hibernate ORM core version 6.5.3.Final
2024-12-02T22:48:20.983+01:00  INFO 2168 --- [SafetyNet Alerts] [main] o.h.c.internal.RegionFactoryInitiator    : HHH000026: Second-level cache disabled
2024-12-02T22:48:21.908+01:00  INFO 2168 --- [SafetyNet Alerts] [main] o.s.o.j.p.SpringPersistenceUnitInfo      : No LoadTimeWeaver setup: ignoring JPA class transformer
2024-12-02T22:48:23.216+01:00  INFO 2168 --- [SafetyNet Alerts] [main] o.h.e.t.j.p.i.JtaPlatformInitiator       : HHH000489: No JTA platform available (set 'hibernate.transaction.jta.platform' to enable JTA platform integration)
2024-12-02T22:48:23.231+01:00  INFO 2168 --- [SafetyNet Alerts] [main] j.LocalContainerEntityManagerFactoryBean : Initialized JPA EntityManagerFactory for persistence unit 'default'
2024-12-02T22:48:23.525+01:00  INFO 2168 --- [SafetyNet Alerts] [main] c.safetynet.alerts.service.DataService   : Chargement des donnÈes JSON au dÈmarrage de l'application...
2024-12-02T22:48:23.526+01:00  INFO 2168 --- [SafetyNet Alerts] [main] c.safetynet.alerts.service.DataService   : Chargement du fichier JSON...
2024-12-02T22:48:23.527+01:00  INFO 2168 --- [SafetyNet Alerts] [main] c.safetynet.alerts.service.DataService   : Chemin du fichier : data.json
2024-12-02T22:48:23.728+01:00  INFO 2168 --- [SafetyNet Alerts] [main] c.safetynet.alerts.service.DataService   : DonnÈes JSON chargÈes avec succËs !
2024-12-02T22:48:24.406+01:00  WARN 2168 --- [SafetyNet Alerts] [main] JpaBaseConfiguration$JpaWebConfiguration : spring.jpa.open-in-view is enabled by default. Therefore, database queries may be performed during view rendering. Explicitly configure spring.jpa.open-in-view to disable this warning
2024-12-02T22:48:24.766+01:00 DEBUG 2168 --- [SafetyNet Alerts] [main] s.w.s.m.m.a.RequestMappingHandlerMapping : 14 mappings in 'requestMappingHandlerMapping'
2024-12-02T22:48:24.977+01:00 DEBUG 2168 --- [SafetyNet Alerts] [main] o.s.w.s.handler.SimpleUrlHandlerMapping  : Patterns [/webjars/**, /**] in 'resourceHandlerMapping'
2024-12-02T22:48:25.111+01:00 DEBUG 2168 --- [SafetyNet Alerts] [main] s.w.s.m.m.a.RequestMappingHandlerAdapter : ControllerAdvice beans: 0 @ModelAttribute, 0 @InitBinder, 1 RequestBodyAdvice, 1 ResponseBodyAdvice
2024-12-02T22:48:25.252+01:00 DEBUG 2168 --- [SafetyNet Alerts] [main] .m.m.a.ExceptionHandlerExceptionResolver : ControllerAdvice beans: 0 @ExceptionHandler, 1 ResponseBodyAdvice
2024-12-02T22:48:26.343+01:00  INFO 2168 --- [SafetyNet Alerts] [main] o.s.b.a.e.web.EndpointLinksResolver      : Exposing 1 endpoint beneath base path '/actuator'
2024-12-02T22:48:26.537+01:00  INFO 2168 --- [SafetyNet Alerts] [main] c.s.a.SafetyNetAlertsApplicationTests    : Started SafetyNetAlertsApplicationTests in 13.357 seconds (process running for 16.418)
2024-12-02T22:48:27.919+01:00 DEBUG 2168 --- [SafetyNet Alerts] [SpringApplicationShutdownHook] o.s.w.c.s.GenericWebApplicationContext   : Closing org.springframework.web.context.support.GenericWebApplicationContext@61f377d1, started on Mon Dec 02 22:48:14 CET 2024
2024-12-02T22:48:28.257+01:00  INFO 2168 --- [SafetyNet Alerts] [SpringApplicationShutdownHook] j.LocalContainerEntityManagerFactoryBean : Closing JPA EntityManagerFactory for persistence unit 'default'
2024-12-02T22:48:28.261+01:00  INFO 2168 --- [SafetyNet Alerts] [SpringApplicationShutdownHook] com.zaxxer.hikari.HikariDataSource       : HikariPool-1 - Shutdown initiated...
2024-12-02T22:48:28.272+01:00  INFO 2168 --- [SafetyNet Alerts] [SpringApplicationShutdownHook] com.zaxxer.hikari.HikariDataSource       : HikariPool-1 - Shutdown completed.
2024-12-02T22:48:56.009+01:00  INFO 10896 --- [SafetyNet Alerts] [restartedMain] c.s.alerts.SafetyNetAlertsApplication    : Starting SafetyNetAlertsApplication using Java 22.0.1 with PID 10896 (C:\wamp64\www\openclassrooms\P5-Cr√©ez votre premi√®re application web avec Spring Boot\SafetyNetAlerts\target\classes started by hacha in C:\wamp64\www\openclassrooms\P5-Cr√©ez votre premi√®re application web avec Spring Boot\SafetyNetAlerts)
2024-12-02T22:48:56.013+01:00 DEBUG 10896 --- [SafetyNet Alerts] [restartedMain] c.s.alerts.SafetyNetAlertsApplication    : Running with Spring Boot v3.3.5, Spring v6.1.14
2024-12-02T22:48:56.015+01:00  INFO 10896 --- [SafetyNet Alerts] [restartedMain] c.s.alerts.SafetyNetAlertsApplication    : No active profile set, falling back to 1 default profile: "default"
2024-12-02T22:48:56.123+01:00  INFO 10896 --- [SafetyNet Alerts] [restartedMain] .e.DevToolsPropertyDefaultsPostProcessor : Devtools property defaults active! Set 'spring.devtools.add-properties' to 'false' to disable
2024-12-02T22:48:56.123+01:00  INFO 10896 --- [SafetyNet Alerts] [restartedMain] .e.DevToolsPropertyDefaultsPostProcessor : For additional web related logging consider setting the 'logging.level.web' property to 'DEBUG'
2024-12-02T22:48:58.632+01:00  INFO 10896 --- [SafetyNet Alerts] [restartedMain] .s.d.r.c.RepositoryConfigurationDelegate : Bootstrapping Spring Data JPA repositories in DEFAULT mode.
2024-12-02T22:48:58.688+01:00  INFO 10896 --- [SafetyNet Alerts] [restartedMain] .s.d.r.c.RepositoryConfigurationDelegate : Finished Spring Data repository scanning in 37 ms. Found 0 JPA repository interfaces.
2024-12-02T22:49:01.043+01:00  INFO 10896 --- [SafetyNet Alerts] [restartedMain] o.s.b.w.embedded.tomcat.TomcatWebServer  : Tomcat initialized with port 8080 (http)
2024-12-02T22:49:01.074+01:00  INFO 10896 --- [SafetyNet Alerts] [restartedMain] o.apache.catalina.core.StandardService   : Starting service [Tomcat]
2024-12-02T22:49:01.075+01:00  INFO 10896 --- [SafetyNet Alerts] [restartedMain] o.apache.catalina.core.StandardEngine    : Starting Servlet engine: [Apache Tomcat/10.1.31]
2024-12-02T22:49:01.216+01:00  INFO 10896 --- [SafetyNet Alerts] [restartedMain] o.a.c.c.C.[Tomcat].[localhost].[/]       : Initializing Spring embedded WebApplicationContext
2024-12-02T22:49:01.219+01:00  INFO 10896 --- [SafetyNet Alerts] [restartedMain] w.s.c.ServletWebServerApplicationContext : Root WebApplicationContext: initialization completed in 5094 ms
2024-12-02T22:49:01.864+01:00  INFO 10896 --- [SafetyNet Alerts] [restartedMain] com.zaxxer.hikari.HikariDataSource       : HikariPool-1 - Starting...
2024-12-02T22:49:02.424+01:00  INFO 10896 --- [SafetyNet Alerts] [restartedMain] com.zaxxer.hikari.pool.HikariPool        : HikariPool-1 - Added connection conn0: url=jdbc:h2:mem:7abb9bb8-25b0-49d1-b576-8238a05934c5 user=SA
2024-12-02T22:49:02.428+01:00  INFO 10896 --- [SafetyNet Alerts] [restartedMain] com.zaxxer.hikari.HikariDataSource       : HikariPool-1 - Start completed.
2024-12-02T22:49:02.453+01:00  INFO 10896 --- [SafetyNet Alerts] [restartedMain] o.s.b.a.h2.H2ConsoleAutoConfiguration    : H2 console available at '/h2-console'. Database available at 'jdbc:h2:mem:7abb9bb8-25b0-49d1-b576-8238a05934c5'
2024-12-02T22:49:02.637+01:00 DEBUG 10896 --- [SafetyNet Alerts] [restartedMain] o.s.w.f.ServerHttpObservationFilter      : Filter 'webMvcObservationFilter' configured for use
2024-12-02T22:49:02.878+01:00  INFO 10896 --- [SafetyNet Alerts] [restartedMain] o.hibernate.jpa.internal.util.LogHelper  : HHH000204: Processing PersistenceUnitInfo [name: default]
2024-12-02T22:49:03.038+01:00  INFO 10896 --- [SafetyNet Alerts] [restartedMain] org.hibernate.Version                    : HHH000412: Hibernate ORM core version 6.5.3.Final
2024-12-02T22:49:03.126+01:00  INFO 10896 --- [SafetyNet Alerts] [restartedMain] o.h.c.internal.RegionFactoryInitiator    : HHH000026: Second-level cache disabled
2024-12-02T22:49:03.742+01:00  INFO 10896 --- [SafetyNet Alerts] [restartedMain] o.s.o.j.p.SpringPersistenceUnitInfo      : No LoadTimeWeaver setup: ignoring JPA class transformer
2024-12-02T22:49:04.288+01:00  INFO 10896 --- [SafetyNet Alerts] [restartedMain] o.h.e.t.j.p.i.JtaPlatformInitiator       : HHH000489: No JTA platform available (set 'hibernate.transaction.jta.platform' to enable JTA platform integration)
2024-12-02T22:49:04.294+01:00  INFO 10896 --- [SafetyNet Alerts] [restartedMain] j.LocalContainerEntityManagerFactoryBean : Initialized JPA EntityManagerFactory for persistence unit 'default'
2024-12-02T22:49:04.632+01:00  INFO 10896 --- [SafetyNet Alerts] [restartedMain] c.safetynet.alerts.service.DataService   : Chargement des donn√©es JSON au d√©marrage de l'application...
2024-12-02T22:49:04.633+01:00  INFO 10896 --- [SafetyNet Alerts] [restartedMain] c.safetynet.alerts.service.DataService   : Chargement du fichier JSON...
2024-12-02T22:49:04.636+01:00  INFO 10896 --- [SafetyNet Alerts] [restartedMain] c.safetynet.alerts.service.DataService   : Chemin du fichier : data.json
2024-12-02T22:49:04.802+01:00  INFO 10896 --- [SafetyNet Alerts] [restartedMain] c.safetynet.alerts.service.DataService   : Donn√©es JSON charg√©es avec succ√®s !
2024-12-02T22:49:05.179+01:00  WARN 10896 --- [SafetyNet Alerts] [restartedMain] JpaBaseConfiguration$JpaWebConfiguration : spring.jpa.open-in-view is enabled by default. Therefore, database queries may be performed during view rendering. Explicitly configure spring.jpa.open-in-view to disable this warning
2024-12-02T22:49:05.484+01:00 DEBUG 10896 --- [SafetyNet Alerts] [restartedMain] s.w.s.m.m.a.RequestMappingHandlerMapping : 14 mappings in 'requestMappingHandlerMapping'
2024-12-02T22:49:05.599+01:00 DEBUG 10896 --- [SafetyNet Alerts] [restartedMain] o.s.w.s.handler.SimpleUrlHandlerMapping  : Patterns [/webjars/**, /**] in 'resourceHandlerMapping'
2024-12-02T22:49:05.702+01:00 DEBUG 10896 --- [SafetyNet Alerts] [restartedMain] s.w.s.m.m.a.RequestMappingHandlerAdapter : ControllerAdvice beans: 0 @ModelAttribute, 0 @InitBinder, 1 RequestBodyAdvice, 1 ResponseBodyAdvice
2024-12-02T22:49:05.801+01:00 DEBUG 10896 --- [SafetyNet Alerts] [restartedMain] .m.m.a.ExceptionHandlerExceptionResolver : ControllerAdvice beans: 0 @ExceptionHandler, 1 ResponseBodyAdvice
2024-12-02T22:49:06.696+01:00  INFO 10896 --- [SafetyNet Alerts] [restartedMain] o.s.b.d.a.OptionalLiveReloadServer       : LiveReload server is running on port 35729
2024-12-02T22:49:06.722+01:00  INFO 10896 --- [SafetyNet Alerts] [restartedMain] o.s.b.a.e.web.EndpointLinksResolver      : Exposing 1 endpoint beneath base path '/actuator'
2024-12-02T22:49:06.872+01:00  INFO 10896 --- [SafetyNet Alerts] [restartedMain] o.s.b.w.embedded.tomcat.TomcatWebServer  : Tomcat started on port 8080 (http) with context path '/'
2024-12-02T22:49:06.904+01:00  INFO 10896 --- [SafetyNet Alerts] [restartedMain] c.s.alerts.SafetyNetAlertsApplication    : Started SafetyNetAlertsApplication in 12.054 seconds (process running for 13.386)
2024-12-02T22:49:26.499+01:00  INFO 10896 --- [SafetyNet Alerts] [http-nio-8080-exec-2] o.a.c.c.C.[Tomcat].[localhost].[/]       : Initializing Spring DispatcherServlet 'dispatcherServlet'
2024-12-02T22:49:26.500+01:00  INFO 10896 --- [SafetyNet Alerts] [http-nio-8080-exec-2] o.s.web.servlet.DispatcherServlet        : Initializing Servlet 'dispatcherServlet'
2024-12-02T22:49:26.500+01:00 DEBUG 10896 --- [SafetyNet Alerts] [http-nio-8080-exec-2] o.s.web.servlet.DispatcherServlet        : Detected StandardServletMultipartResolver
2024-12-02T22:49:26.500+01:00 DEBUG 10896 --- [SafetyNet Alerts] [http-nio-8080-exec-2] o.s.web.servlet.DispatcherServlet        : Detected AcceptHeaderLocaleResolver
2024-12-02T22:49:26.501+01:00 DEBUG 10896 --- [SafetyNet Alerts] [http-nio-8080-exec-2] o.s.web.servlet.DispatcherServlet        : Detected FixedThemeResolver
2024-12-02T22:49:26.503+01:00 DEBUG 10896 --- [SafetyNet Alerts] [http-nio-8080-exec-2] o.s.web.servlet.DispatcherServlet        : Detected org.springframework.web.servlet.view.DefaultRequestToViewNameTranslator@3d18797b
2024-12-02T22:49:26.504+01:00 DEBUG 10896 --- [SafetyNet Alerts] [http-nio-8080-exec-2] o.s.web.servlet.DispatcherServlet        : Detected org.springframework.web.servlet.support.SessionFlashMapManager@636e7a72
2024-12-02T22:49:26.505+01:00 DEBUG 10896 --- [SafetyNet Alerts] [http-nio-8080-exec-2] o.s.web.servlet.DispatcherServlet        : enableLoggingRequestDetails='false': request parameters and headers will be masked to prevent unsafe logging of potentially sensitive data
2024-12-02T22:49:26.507+01:00  INFO 10896 --- [SafetyNet Alerts] [http-nio-8080-exec-2] o.s.web.servlet.DispatcherServlet        : Completed initialization in 5 ms
2024-12-02T22:49:26.551+01:00 DEBUG 10896 --- [SafetyNet Alerts] [http-nio-8080-exec-2] o.s.web.servlet.DispatcherServlet        : GET "/person", parameters={}
2024-12-02T22:49:26.566+01:00 DEBUG 10896 --- [SafetyNet Alerts] [http-nio-8080-exec-2] s.w.s.m.m.a.RequestMappingHandlerMapping : Mapped to com.safetynet.alerts.controller.PersonController#getAllPersons()
2024-12-02T22:49:26.673+01:00 DEBUG 10896 --- [SafetyNet Alerts] [http-nio-8080-exec-2] o.s.w.s.m.m.a.HttpEntityMethodProcessor  : Using 'application/json', given [*/*] and supported [application/json, application/*+json]
2024-12-02T22:49:26.676+01:00 DEBUG 10896 --- [SafetyNet Alerts] [http-nio-8080-exec-2] o.s.w.s.m.m.a.HttpEntityMethodProcessor  : Writing [[]]
2024-12-02T22:49:26.699+01:00 DEBUG 10896 --- [SafetyNet Alerts] [http-nio-8080-exec-2] o.s.web.servlet.DispatcherServlet        : Completed 200 OK
2024-12-02T22:49:44.762+01:00 DEBUG 10896 --- [SafetyNet Alerts] [http-nio-8080-exec-3] o.s.web.servlet.DispatcherServlet        : POST "/person", parameters={}
2024-12-02T22:49:44.762+01:00 DEBUG 10896 --- [SafetyNet Alerts] [http-nio-8080-exec-3] s.w.s.m.m.a.RequestMappingHandlerMapping : Mapped to com.safetynet.alerts.controller.PersonController#addPerson(Person)
2024-12-02T22:49:44.775+01:00 DEBUG 10896 --- [SafetyNet Alerts] [http-nio-8080-exec-3] m.m.a.RequestResponseBodyMethodProcessor : Read "application/json;charset=UTF-8" to [com.safetynet.alerts.model.Person@40be717c]
2024-12-02T22:49:44.797+01:00 DEBUG 10896 --- [SafetyNet Alerts] [http-nio-8080-exec-3] o.s.w.s.m.m.a.HttpEntityMethodProcessor  : Using 'application/json', given [*/*] and supported [application/json, application/*+json]
2024-12-02T22:49:44.797+01:00 DEBUG 10896 --- [SafetyNet Alerts] [http-nio-8080-exec-3] o.s.w.s.m.m.a.HttpEntityMethodProcessor  : Writing [com.safetynet.alerts.model.Person@40be717c]
2024-12-02T22:49:44.799+01:00 DEBUG 10896 --- [SafetyNet Alerts] [http-nio-8080-exec-3] o.s.web.servlet.DispatcherServlet        : Completed 200 OK
2024-12-02T22:49:53.494+01:00 DEBUG 10896 --- [SafetyNet Alerts] [http-nio-8080-exec-4] o.s.web.servlet.DispatcherServlet        : GET "/person", parameters={}
2024-12-02T22:49:53.495+01:00 DEBUG 10896 --- [SafetyNet Alerts] [http-nio-8080-exec-4] s.w.s.m.m.a.RequestMappingHandlerMapping : Mapped to com.safetynet.alerts.controller.PersonController#getAllPersons()
2024-12-02T22:49:53.496+01:00 DEBUG 10896 --- [SafetyNet Alerts] [http-nio-8080-exec-4] o.s.w.s.m.m.a.HttpEntityMethodProcessor  : Using 'application/json', given [*/*] and supported [application/json, application/*+json]
2024-12-02T22:49:53.496+01:00 DEBUG 10896 --- [SafetyNet Alerts] [http-nio-8080-exec-4] o.s.w.s.m.m.a.HttpEntityMethodProcessor  : Writing [[com.safetynet.alerts.model.Person@40be717c]]
2024-12-02T22:49:53.498+01:00 DEBUG 10896 --- [SafetyNet Alerts] [http-nio-8080-exec-4] o.s.web.servlet.DispatcherServlet        : Completed 200 OK
2024-12-02T22:50:00.170+01:00 DEBUG 10896 --- [SafetyNet Alerts] [http-nio-8080-exec-5] o.s.web.servlet.DispatcherServlet        : PUT "/person/John/Boyd", parameters={}
2024-12-02T22:50:00.170+01:00 DEBUG 10896 --- [SafetyNet Alerts] [http-nio-8080-exec-5] s.w.s.m.m.a.RequestMappingHandlerMapping : Mapped to com.safetynet.alerts.controller.PersonController#updatePerson(String, String, Person)
2024-12-02T22:50:00.183+01:00 DEBUG 10896 --- [SafetyNet Alerts] [http-nio-8080-exec-5] o.s.web.method.HandlerMethod             : Could not resolve parameter [2] in public org.springframework.http.ResponseEntity<com.safetynet.alerts.model.Person> com.safetynet.alerts.controller.PersonController.updatePerson(java.lang.String,java.lang.String,com.safetynet.alerts.model.Person): JSON parse error: No content to map due to end-of-input
2024-12-02T22:50:00.187+01:00  WARN 10896 --- [SafetyNet Alerts] [http-nio-8080-exec-5] .w.s.m.s.DefaultHandlerExceptionResolver : Resolved [org.springframework.http.converter.HttpMessageNotReadableException: JSON parse error: No content to map due to end-of-input]
2024-12-02T22:50:00.188+01:00 DEBUG 10896 --- [SafetyNet Alerts] [http-nio-8080-exec-5] o.s.web.servlet.DispatcherServlet        : Completed 400 BAD_REQUEST
2024-12-02T22:50:00.200+01:00 DEBUG 10896 --- [SafetyNet Alerts] [http-nio-8080-exec-5] o.s.web.servlet.DispatcherServlet        : "ERROR" dispatch for PUT "/error", parameters={}
2024-12-02T22:50:00.202+01:00 DEBUG 10896 --- [SafetyNet Alerts] [http-nio-8080-exec-5] s.w.s.m.m.a.RequestMappingHandlerMapping : Mapped to org.springframework.boot.autoconfigure.web.servlet.error.BasicErrorController#error(HttpServletRequest)
2024-12-02T22:50:00.211+01:00 DEBUG 10896 --- [SafetyNet Alerts] [http-nio-8080-exec-5] o.s.w.s.m.m.a.HttpEntityMethodProcessor  : Using 'application/json', given [*/*] and supported [application/json, application/*+json]
2024-12-02T22:50:00.212+01:00 DEBUG 10896 --- [SafetyNet Alerts] [http-nio-8080-exec-5] o.s.w.s.m.m.a.HttpEntityMethodProcessor  : Writing [{timestamp=Mon Dec 02 22:50:00 CET 2024, status=400, error=Bad Request, trace=org.springframework.ht (truncated)...]
2024-12-02T22:50:00.236+01:00 DEBUG 10896 --- [SafetyNet Alerts] [http-nio-8080-exec-5] o.s.web.servlet.DispatcherServlet        : Exiting from "ERROR" dispatch, status 400
2024-12-02T22:54:05.882+01:00 DEBUG 10896 --- [SafetyNet Alerts] [http-nio-8080-exec-7] o.s.web.servlet.DispatcherServlet        : PUT "/person/John/Boyd", parameters={}
2024-12-02T22:54:05.883+01:00 DEBUG 10896 --- [SafetyNet Alerts] [http-nio-8080-exec-7] s.w.s.m.m.a.RequestMappingHandlerMapping : Mapped to com.safetynet.alerts.controller.PersonController#updatePerson(String, String, Person)
2024-12-02T22:54:05.885+01:00 DEBUG 10896 --- [SafetyNet Alerts] [http-nio-8080-exec-7] m.m.a.RequestResponseBodyMethodProcessor : Read "application/json;charset=UTF-8" to [com.safetynet.alerts.model.Person@65ac23dd]
2024-12-02T22:54:05.889+01:00  INFO 10896 --- [SafetyNet Alerts] [http-nio-8080-exec-7] c.s.alerts.controller.PersonController   : Received PUT request for: John Boyd
2024-12-02T22:54:05.889+01:00  INFO 10896 --- [SafetyNet Alerts] [http-nio-8080-exec-7] c.s.alerts.controller.PersonController   : Request body: com.safetynet.alerts.model.Person@65ac23dd
2024-12-02T22:54:05.890+01:00  INFO 10896 --- [SafetyNet Alerts] [http-nio-8080-exec-7] c.s.alerts.service.PersonService         : Person updated successfully: com.safetynet.alerts.model.Person@40be717c
2024-12-02T22:54:05.890+01:00  INFO 10896 --- [SafetyNet Alerts] [http-nio-8080-exec-7] c.s.alerts.controller.PersonController   : Person updated successfully: com.safetynet.alerts.model.Person@40be717c
2024-12-02T22:54:05.891+01:00 DEBUG 10896 --- [SafetyNet Alerts] [http-nio-8080-exec-7] o.s.w.s.m.m.a.HttpEntityMethodProcessor  : Using 'application/json', given [*/*] and supported [application/json, application/*+json]
2024-12-02T22:54:05.891+01:00 DEBUG 10896 --- [SafetyNet Alerts] [http-nio-8080-exec-7] o.s.w.s.m.m.a.HttpEntityMethodProcessor  : Writing [com.safetynet.alerts.model.Person@40be717c]
2024-12-02T22:54:05.894+01:00 DEBUG 10896 --- [SafetyNet Alerts] [http-nio-8080-exec-7] o.s.web.servlet.DispatcherServlet        : Completed 200 OK
2024-12-02T22:54:30.337+01:00 DEBUG 10896 --- [SafetyNet Alerts] [http-nio-8080-exec-8] o.s.web.servlet.DispatcherServlet        : GET "/person", parameters={}
2024-12-02T22:54:30.338+01:00 DEBUG 10896 --- [SafetyNet Alerts] [http-nio-8080-exec-8] s.w.s.m.m.a.RequestMappingHandlerMapping : Mapped to com.safetynet.alerts.controller.PersonController#getAllPersons()
2024-12-02T22:54:30.339+01:00 DEBUG 10896 --- [SafetyNet Alerts] [http-nio-8080-exec-8] o.s.w.s.m.m.a.HttpEntityMethodProcessor  : Using 'application/json', given [*/*] and supported [application/json, application/*+json]
2024-12-02T22:54:30.340+01:00 DEBUG 10896 --- [SafetyNet Alerts] [http-nio-8080-exec-8] o.s.w.s.m.m.a.HttpEntityMethodProcessor  : Writing [[com.safetynet.alerts.model.Person@40be717c]]
2024-12-02T22:54:30.342+01:00 DEBUG 10896 --- [SafetyNet Alerts] [http-nio-8080-exec-8] o.s.web.servlet.DispatcherServlet        : Completed 200 OK
2024-12-02T22:54:42.119+01:00 DEBUG 10896 --- [SafetyNet Alerts] [http-nio-8080-exec-9] o.s.web.servlet.DispatcherServlet        : DELETE "/person/John/Boyd", parameters={}
2024-12-02T22:54:42.120+01:00 DEBUG 10896 --- [SafetyNet Alerts] [http-nio-8080-exec-9] s.w.s.m.m.a.RequestMappingHandlerMapping : Mapped to com.safetynet.alerts.controller.PersonController#deletePerson(String, String)
2024-12-02T22:54:42.124+01:00 DEBUG 10896 --- [SafetyNet Alerts] [http-nio-8080-exec-9] o.s.w.s.m.m.a.HttpEntityMethodProcessor  : Using 'application/json', given [*/*] and supported [application/json, application/*+json]
2024-12-02T22:54:42.125+01:00 DEBUG 10896 --- [SafetyNet Alerts] [http-nio-8080-exec-9] o.s.w.s.m.m.a.HttpEntityMethodProcessor  : Nothing to write: null body
2024-12-02T22:54:42.125+01:00 DEBUG 10896 --- [SafetyNet Alerts] [http-nio-8080-exec-9] o.s.web.servlet.DispatcherServlet        : Completed 204 NO_CONTENT
2024-12-02T22:54:49.341+01:00 DEBUG 10896 --- [SafetyNet Alerts] [http-nio-8080-exec-10] o.s.web.servlet.DispatcherServlet        : GET "/person", parameters={}
2024-12-02T22:54:49.342+01:00 DEBUG 10896 --- [SafetyNet Alerts] [http-nio-8080-exec-10] s.w.s.m.m.a.RequestMappingHandlerMapping : Mapped to com.safetynet.alerts.controller.PersonController#getAllPersons()
2024-12-02T22:54:49.343+01:00 DEBUG 10896 --- [SafetyNet Alerts] [http-nio-8080-exec-10] o.s.w.s.m.m.a.HttpEntityMethodProcessor  : Using 'application/json', given [*/*] and supported [application/json, application/*+json]
2024-12-02T22:54:49.343+01:00 DEBUG 10896 --- [SafetyNet Alerts] [http-nio-8080-exec-10] o.s.w.s.m.m.a.HttpEntityMethodProcessor  : Writing [[]]
2024-12-02T22:54:49.345+01:00 DEBUG 10896 --- [SafetyNet Alerts] [http-nio-8080-exec-10] o.s.web.servlet.DispatcherServlet        : Completed 200 OK
2024-12-02T22:55:16.972+01:00 DEBUG 10896 --- [SafetyNet Alerts] [http-nio-8080-exec-1] o.s.web.servlet.DispatcherServlet        : GET "/childAlert?address=748%20Townings%20Dr", parameters={masked}
2024-12-02T22:55:16.973+01:00 DEBUG 10896 --- [SafetyNet Alerts] [http-nio-8080-exec-1] s.w.s.m.m.a.RequestMappingHandlerMapping : Mapped to com.safetynet.alerts.controller.ChildAlertController#getChildAlert(String)
2024-12-02T22:55:16.974+01:00  INFO 10896 --- [SafetyNet Alerts] [http-nio-8080-exec-1] c.s.a.controller.ChildAlertController    : Requ√™te re√ßue pour les enfants habitant √† l'adresse : 748 Townings Dr
2024-12-02T22:55:16.974+01:00  INFO 10896 --- [SafetyNet Alerts] [http-nio-8080-exec-1] c.s.alerts.service.ChildAlertService     : Recherche des enfants pour l'adresse : 748 Townings Dr
2024-12-02T22:55:16.987+01:00 DEBUG 10896 --- [SafetyNet Alerts] [http-nio-8080-exec-1] m.m.a.RequestResponseBodyMethodProcessor : Using 'application/json', given [*/*] and supported [application/json, application/*+json]
2024-12-02T22:55:16.988+01:00 DEBUG 10896 --- [SafetyNet Alerts] [http-nio-8080-exec-1] m.m.a.RequestResponseBodyMethodProcessor : Writing [com.safetynet.alerts.dto.ChildAlertResponseDTO@194685b7]
2024-12-02T22:55:16.991+01:00 DEBUG 10896 --- [SafetyNet Alerts] [http-nio-8080-exec-1] o.s.web.servlet.DispatcherServlet        : Completed 200 OK
2024-12-02T22:55:23.911+01:00 DEBUG 10896 --- [SafetyNet Alerts] [http-nio-8080-exec-2] o.s.web.servlet.DispatcherServlet        : GET "/personInfoLastName=Marrack", parameters={}
2024-12-02T22:55:23.916+01:00 DEBUG 10896 --- [SafetyNet Alerts] [http-nio-8080-exec-2] o.s.w.s.handler.SimpleUrlHandlerMapping  : Mapped to ResourceHttpRequestHandler [classpath [META-INF/resources/], classpath [resources/], classpath [static/], classpath [public/], ServletContext [/]]
2024-12-02T22:55:23.920+01:00 DEBUG 10896 --- [SafetyNet Alerts] [http-nio-8080-exec-2] o.s.w.s.r.ResourceHttpRequestHandler     : Resource not found
2024-12-02T22:55:23.923+01:00 DEBUG 10896 --- [SafetyNet Alerts] [http-nio-8080-exec-2] .w.s.m.s.DefaultHandlerExceptionResolver : Resolved [org.springframework.web.servlet.resource.NoResourceFoundException: No static resource personInfoLastName=Marrack.]
2024-12-02T22:55:23.923+01:00 DEBUG 10896 --- [SafetyNet Alerts] [http-nio-8080-exec-2] o.s.web.servlet.DispatcherServlet        : Completed 404 NOT_FOUND
2024-12-02T22:55:23.924+01:00 DEBUG 10896 --- [SafetyNet Alerts] [http-nio-8080-exec-2] o.s.web.servlet.DispatcherServlet        : "ERROR" dispatch for GET "/error", parameters={}
2024-12-02T22:55:23.925+01:00 DEBUG 10896 --- [SafetyNet Alerts] [http-nio-8080-exec-2] s.w.s.m.m.a.RequestMappingHandlerMapping : Mapped to org.springframework.boot.autoconfigure.web.servlet.error.BasicErrorController#error(HttpServletRequest)
2024-12-02T22:55:23.926+01:00 DEBUG 10896 --- [SafetyNet Alerts] [http-nio-8080-exec-2] o.s.w.s.m.m.a.HttpEntityMethodProcessor  : Using 'application/json', given [*/*] and supported [application/json, application/*+json]
2024-12-02T22:55:23.927+01:00 DEBUG 10896 --- [SafetyNet Alerts] [http-nio-8080-exec-2] o.s.w.s.m.m.a.HttpEntityMethodProcessor  : Writing [{timestamp=Mon Dec 02 22:55:23 CET 2024, status=404, error=Not Found, trace=org.springframework.web. (truncated)...]
2024-12-02T22:55:23.929+01:00 DEBUG 10896 --- [SafetyNet Alerts] [http-nio-8080-exec-2] o.s.web.servlet.DispatcherServlet        : Exiting from "ERROR" dispatch, status 404
2024-12-02T22:56:03.669+01:00 DEBUG 10896 --- [SafetyNet Alerts] [http-nio-8080-exec-3] o.s.web.servlet.DispatcherServlet        : GET "/person", parameters={}
2024-12-02T22:56:03.669+01:00 DEBUG 10896 --- [SafetyNet Alerts] [http-nio-8080-exec-3] s.w.s.m.m.a.RequestMappingHandlerMapping : Mapped to com.safetynet.alerts.controller.PersonController#getAllPersons()
2024-12-02T22:56:03.671+01:00 DEBUG 10896 --- [SafetyNet Alerts] [http-nio-8080-exec-3] o.s.w.s.m.m.a.HttpEntityMethodProcessor  : Using 'application/json', given [*/*] and supported [application/json, application/*+json]
2024-12-02T22:56:03.672+01:00 DEBUG 10896 --- [SafetyNet Alerts] [http-nio-8080-exec-3] o.s.w.s.m.m.a.HttpEntityMethodProcessor  : Writing [[]]
2024-12-02T22:56:03.673+01:00 DEBUG 10896 --- [SafetyNet Alerts] [http-nio-8080-exec-3] o.s.web.servlet.DispatcherServlet        : Completed 200 OK
2024-12-02T22:58:45.030+01:00 DEBUG 10896 --- [SafetyNet Alerts] [http-nio-8080-exec-6] o.s.web.servlet.DispatcherServlet        : POST "/person/Jacob/Boyd", parameters={}
2024-12-02T22:58:45.035+01:00  WARN 10896 --- [SafetyNet Alerts] [http-nio-8080-exec-6] .w.s.m.s.DefaultHandlerExceptionResolver : Resolved [org.springframework.web.HttpRequestMethodNotSupportedException: Request method 'POST' is not supported]
2024-12-02T22:58:45.036+01:00 DEBUG 10896 --- [SafetyNet Alerts] [http-nio-8080-exec-6] o.s.web.servlet.DispatcherServlet        : Completed 405 METHOD_NOT_ALLOWED
2024-12-02T22:58:45.038+01:00 DEBUG 10896 --- [SafetyNet Alerts] [http-nio-8080-exec-6] o.s.web.servlet.DispatcherServlet        : "ERROR" dispatch for POST "/error", parameters={}
2024-12-02T22:58:45.038+01:00 DEBUG 10896 --- [SafetyNet Alerts] [http-nio-8080-exec-6] s.w.s.m.m.a.RequestMappingHandlerMapping : Mapped to org.springframework.boot.autoconfigure.web.servlet.error.BasicErrorController#error(HttpServletRequest)
2024-12-02T22:58:45.040+01:00 DEBUG 10896 --- [SafetyNet Alerts] [http-nio-8080-exec-6] o.s.w.s.m.m.a.HttpEntityMethodProcessor  : Using 'application/json', given [*/*] and supported [application/json, application/*+json]
2024-12-02T22:58:45.041+01:00 DEBUG 10896 --- [SafetyNet Alerts] [http-nio-8080-exec-6] o.s.w.s.m.m.a.HttpEntityMethodProcessor  : Writing [{timestamp=Mon Dec 02 22:58:45 CET 2024, status=405, error=Method Not Allowed, trace=org.springframe (truncated)...]
2024-12-02T22:58:45.042+01:00 DEBUG 10896 --- [SafetyNet Alerts] [http-nio-8080-exec-6] o.s.web.servlet.DispatcherServlet        : Exiting from "ERROR" dispatch, status 405
2024-12-02T22:58:55.073+01:00 DEBUG 10896 --- [SafetyNet Alerts] [http-nio-8080-exec-7] o.s.web.servlet.DispatcherServlet        : POST "/person/Jacob/Boyd", parameters={}
2024-12-02T22:58:55.074+01:00  WARN 10896 --- [SafetyNet Alerts] [http-nio-8080-exec-7] .w.s.m.s.DefaultHandlerExceptionResolver : Resolved [org.springframework.web.HttpRequestMethodNotSupportedException: Request method 'POST' is not supported]
2024-12-02T22:58:55.075+01:00 DEBUG 10896 --- [SafetyNet Alerts] [http-nio-8080-exec-7] o.s.web.servlet.DispatcherServlet        : Completed 405 METHOD_NOT_ALLOWED
2024-12-02T22:58:55.076+01:00 DEBUG 10896 --- [SafetyNet Alerts] [http-nio-8080-exec-7] o.s.web.servlet.DispatcherServlet        : "ERROR" dispatch for POST "/error", parameters={}
2024-12-02T22:58:55.077+01:00 DEBUG 10896 --- [SafetyNet Alerts] [http-nio-8080-exec-7] s.w.s.m.m.a.RequestMappingHandlerMapping : Mapped to org.springframework.boot.autoconfigure.web.servlet.error.BasicErrorController#error(HttpServletRequest)
2024-12-02T22:58:55.080+01:00 DEBUG 10896 --- [SafetyNet Alerts] [http-nio-8080-exec-7] o.s.w.s.m.m.a.HttpEntityMethodProcessor  : Using 'application/json', given [*/*] and supported [application/json, application/*+json]
2024-12-02T22:58:55.081+01:00 DEBUG 10896 --- [SafetyNet Alerts] [http-nio-8080-exec-7] o.s.w.s.m.m.a.HttpEntityMethodProcessor  : Writing [{timestamp=Mon Dec 02 22:58:55 CET 2024, status=405, error=Method Not Allowed, trace=org.springframe (truncated)...]
2024-12-02T22:58:55.082+01:00 DEBUG 10896 --- [SafetyNet Alerts] [http-nio-8080-exec-7] o.s.web.servlet.DispatcherServlet        : Exiting from "ERROR" dispatch, status 405
2024-12-02T22:59:25.030+01:00 DEBUG 10896 --- [SafetyNet Alerts] [http-nio-8080-exec-8] o.s.web.servlet.DispatcherServlet        : POST "/person/Jacob/Boyd", parameters={}
2024-12-02T22:59:25.031+01:00  WARN 10896 --- [SafetyNet Alerts] [http-nio-8080-exec-8] .w.s.m.s.DefaultHandlerExceptionResolver : Resolved [org.springframework.web.HttpRequestMethodNotSupportedException: Request method 'POST' is not supported]
2024-12-02T22:59:25.031+01:00 DEBUG 10896 --- [SafetyNet Alerts] [http-nio-8080-exec-8] o.s.web.servlet.DispatcherServlet        : Completed 405 METHOD_NOT_ALLOWED
2024-12-02T22:59:25.032+01:00 DEBUG 10896 --- [SafetyNet Alerts] [http-nio-8080-exec-8] o.s.web.servlet.DispatcherServlet        : "ERROR" dispatch for POST "/error", parameters={}
2024-12-02T22:59:25.032+01:00 DEBUG 10896 --- [SafetyNet Alerts] [http-nio-8080-exec-8] s.w.s.m.m.a.RequestMappingHandlerMapping : Mapped to org.springframework.boot.autoconfigure.web.servlet.error.BasicErrorController#error(HttpServletRequest)
2024-12-02T22:59:25.033+01:00 DEBUG 10896 --- [SafetyNet Alerts] [http-nio-8080-exec-8] o.s.w.s.m.m.a.HttpEntityMethodProcessor  : Using 'application/json', given [*/*] and supported [application/json, application/*+json]
2024-12-02T22:59:25.034+01:00 DEBUG 10896 --- [SafetyNet Alerts] [http-nio-8080-exec-8] o.s.w.s.m.m.a.HttpEntityMethodProcessor  : Writing [{timestamp=Mon Dec 02 22:59:25 CET 2024, status=405, error=Method Not Allowed, trace=org.springframe (truncated)...]
2024-12-02T22:59:25.035+01:00 DEBUG 10896 --- [SafetyNet Alerts] [http-nio-8080-exec-8] o.s.web.servlet.DispatcherServlet        : Exiting from "ERROR" dispatch, status 405
2024-12-02T22:59:58.647+01:00 DEBUG 10896 --- [SafetyNet Alerts] [http-nio-8080-exec-9] o.s.web.servlet.DispatcherServlet        : POST "/person/Jacob/Boyd", parameters={}
2024-12-02T22:59:58.648+01:00  WARN 10896 --- [SafetyNet Alerts] [http-nio-8080-exec-9] .w.s.m.s.DefaultHandlerExceptionResolver : Resolved [org.springframework.web.HttpRequestMethodNotSupportedException: Request method 'POST' is not supported]
2024-12-02T22:59:58.649+01:00 DEBUG 10896 --- [SafetyNet Alerts] [http-nio-8080-exec-9] o.s.web.servlet.DispatcherServlet        : Completed 405 METHOD_NOT_ALLOWED
2024-12-02T22:59:58.651+01:00 DEBUG 10896 --- [SafetyNet Alerts] [http-nio-8080-exec-9] o.s.web.servlet.DispatcherServlet        : "ERROR" dispatch for POST "/error", parameters={}
2024-12-02T22:59:58.652+01:00 DEBUG 10896 --- [SafetyNet Alerts] [http-nio-8080-exec-9] s.w.s.m.m.a.RequestMappingHandlerMapping : Mapped to org.springframework.boot.autoconfigure.web.servlet.error.BasicErrorController#error(HttpServletRequest)
2024-12-02T22:59:58.653+01:00 DEBUG 10896 --- [SafetyNet Alerts] [http-nio-8080-exec-9] o.s.w.s.m.m.a.HttpEntityMethodProcessor  : Using 'application/json', given [*/*] and supported [application/json, application/*+json]
2024-12-02T22:59:58.653+01:00 DEBUG 10896 --- [SafetyNet Alerts] [http-nio-8080-exec-9] o.s.w.s.m.m.a.HttpEntityMethodProcessor  : Writing [{timestamp=Mon Dec 02 22:59:58 CET 2024, status=405, error=Method Not Allowed, trace=org.springframe (truncated)...]
2024-12-02T22:59:58.655+01:00 DEBUG 10896 --- [SafetyNet Alerts] [http-nio-8080-exec-9] o.s.web.servlet.DispatcherServlet        : Exiting from "ERROR" dispatch, status 405
2024-12-02T23:00:09.770+01:00 DEBUG 10896 --- [SafetyNet Alerts] [http-nio-8080-exec-10] o.s.web.servlet.DispatcherServlet        : GET "/person", parameters={}
2024-12-02T23:00:09.771+01:00 DEBUG 10896 --- [SafetyNet Alerts] [http-nio-8080-exec-10] s.w.s.m.m.a.RequestMappingHandlerMapping : Mapped to com.safetynet.alerts.controller.PersonController#getAllPersons()
2024-12-02T23:00:09.772+01:00 DEBUG 10896 --- [SafetyNet Alerts] [http-nio-8080-exec-10] o.s.w.s.m.m.a.HttpEntityMethodProcessor  : Using 'application/json', given [*/*] and supported [application/json, application/*+json]
2024-12-02T23:00:09.773+01:00 DEBUG 10896 --- [SafetyNet Alerts] [http-nio-8080-exec-10] o.s.w.s.m.m.a.HttpEntityMethodProcessor  : Writing [[]]
2024-12-02T23:00:09.775+01:00 DEBUG 10896 --- [SafetyNet Alerts] [http-nio-8080-exec-10] o.s.web.servlet.DispatcherServlet        : Completed 200 OK
2024-12-02T23:00:17.401+01:00 DEBUG 10896 --- [SafetyNet Alerts] [http-nio-8080-exec-1] o.s.web.servlet.DispatcherServlet        : POST "/person/Jacob/Boyd", parameters={}
2024-12-02T23:00:17.402+01:00  WARN 10896 --- [SafetyNet Alerts] [http-nio-8080-exec-1] .w.s.m.s.DefaultHandlerExceptionResolver : Resolved [org.springframework.web.HttpRequestMethodNotSupportedException: Request method 'POST' is not supported]
2024-12-02T23:00:17.402+01:00 DEBUG 10896 --- [SafetyNet Alerts] [http-nio-8080-exec-1] o.s.web.servlet.DispatcherServlet        : Completed 405 METHOD_NOT_ALLOWED
2024-12-02T23:00:17.403+01:00 DEBUG 10896 --- [SafetyNet Alerts] [http-nio-8080-exec-1] o.s.web.servlet.DispatcherServlet        : "ERROR" dispatch for POST "/error", parameters={}
2024-12-02T23:00:17.404+01:00 DEBUG 10896 --- [SafetyNet Alerts] [http-nio-8080-exec-1] s.w.s.m.m.a.RequestMappingHandlerMapping : Mapped to org.springframework.boot.autoconfigure.web.servlet.error.BasicErrorController#error(HttpServletRequest)
2024-12-02T23:00:17.405+01:00 DEBUG 10896 --- [SafetyNet Alerts] [http-nio-8080-exec-1] o.s.w.s.m.m.a.HttpEntityMethodProcessor  : Using 'application/json', given [*/*] and supported [application/json, application/*+json]
2024-12-02T23:00:17.406+01:00 DEBUG 10896 --- [SafetyNet Alerts] [http-nio-8080-exec-1] o.s.w.s.m.m.a.HttpEntityMethodProcessor  : Writing [{timestamp=Mon Dec 02 23:00:17 CET 2024, status=405, error=Method Not Allowed, trace=org.springframe (truncated)...]
2024-12-02T23:00:17.407+01:00 DEBUG 10896 --- [SafetyNet Alerts] [http-nio-8080-exec-1] o.s.web.servlet.DispatcherServlet        : Exiting from "ERROR" dispatch, status 405
2024-12-02T23:00:20.509+01:00  INFO 10896 --- [SafetyNet Alerts] [SpringApplicationShutdownHook] j.LocalContainerEntityManagerFactoryBean : Closing JPA EntityManagerFactory for persistence unit 'default'
2024-12-02T23:00:20.521+01:00  WARN 10896 --- [SafetyNet Alerts] [SpringApplicationShutdownHook] o.s.b.f.support.DisposableBeanAdapter    : Invocation of destroy method failed on bean with name 'inMemoryDatabaseShutdownExecutor': org.h2.jdbc.JdbcSQLNonTransientConnectionException: La base de donn√©es est d√©j√† ferm√©e (pour d√©sactiver la fermeture automatique √† l'arr√™t de la VM, ajoutez "; DB_CLOSE_ON_EXIT = FALSE" √† l'URL db)
Database is already closed (to disable automatic closing at VM shutdown, add ";DB_CLOSE_ON_EXIT=FALSE" to the db URL) [90121-224]
2024-12-02T23:00:20.522+01:00  INFO 10896 --- [SafetyNet Alerts] [SpringApplicationShutdownHook] com.zaxxer.hikari.HikariDataSource       : HikariPool-1 - Shutdown initiated...
2024-12-02T23:00:20.527+01:00  INFO 10896 --- [SafetyNet Alerts] [SpringApplicationShutdownHook] com.zaxxer.hikari.HikariDataSource       : HikariPool-1 - Shutdown completed.
2024-12-02T23:00:27.932+01:00  INFO 10076 --- [SafetyNet Alerts] [restartedMain] c.s.alerts.SafetyNetAlertsApplication    : Starting SafetyNetAlertsApplication using Java 22.0.1 with PID 10076 (C:\wamp64\www\openclassrooms\P5-Cr√©ez votre premi√®re application web avec Spring Boot\SafetyNetAlerts\target\classes started by hacha in C:\wamp64\www\openclassrooms\P5-Cr√©ez votre premi√®re application web avec Spring Boot\SafetyNetAlerts)
2024-12-02T23:00:27.936+01:00 DEBUG 10076 --- [SafetyNet Alerts] [restartedMain] c.s.alerts.SafetyNetAlertsApplication    : Running with Spring Boot v3.3.5, Spring v6.1.14
2024-12-02T23:00:27.938+01:00  INFO 10076 --- [SafetyNet Alerts] [restartedMain] c.s.alerts.SafetyNetAlertsApplication    : No active profile set, falling back to 1 default profile: "default"
2024-12-02T23:00:28.042+01:00  INFO 10076 --- [SafetyNet Alerts] [restartedMain] .e.DevToolsPropertyDefaultsPostProcessor : Devtools property defaults active! Set 'spring.devtools.add-properties' to 'false' to disable
2024-12-02T23:00:28.043+01:00  INFO 10076 --- [SafetyNet Alerts] [restartedMain] .e.DevToolsPropertyDefaultsPostProcessor : For additional web related logging consider setting the 'logging.level.web' property to 'DEBUG'
2024-12-02T23:00:30.329+01:00  INFO 10076 --- [SafetyNet Alerts] [restartedMain] .s.d.r.c.RepositoryConfigurationDelegate : Bootstrapping Spring Data JPA repositories in DEFAULT mode.
2024-12-02T23:00:30.369+01:00  INFO 10076 --- [SafetyNet Alerts] [restartedMain] .s.d.r.c.RepositoryConfigurationDelegate : Finished Spring Data repository scanning in 27 ms. Found 0 JPA repository interfaces.
2024-12-02T23:00:32.397+01:00  INFO 10076 --- [SafetyNet Alerts] [restartedMain] o.s.b.w.embedded.tomcat.TomcatWebServer  : Tomcat initialized with port 8080 (http)
2024-12-02T23:00:32.429+01:00  INFO 10076 --- [SafetyNet Alerts] [restartedMain] o.apache.catalina.core.StandardService   : Starting service [Tomcat]
2024-12-02T23:00:32.430+01:00  INFO 10076 --- [SafetyNet Alerts] [restartedMain] o.apache.catalina.core.StandardEngine    : Starting Servlet engine: [Apache Tomcat/10.1.31]
2024-12-02T23:00:32.846+01:00  INFO 10076 --- [SafetyNet Alerts] [restartedMain] o.a.c.c.C.[Tomcat].[localhost].[/]       : Initializing Spring embedded WebApplicationContext
2024-12-02T23:00:32.847+01:00  INFO 10076 --- [SafetyNet Alerts] [restartedMain] w.s.c.ServletWebServerApplicationContext : Root WebApplicationContext: initialization completed in 4801 ms
2024-12-02T23:00:33.188+01:00  INFO 10076 --- [SafetyNet Alerts] [restartedMain] com.zaxxer.hikari.HikariDataSource       : HikariPool-1 - Starting...
2024-12-02T23:00:33.636+01:00  INFO 10076 --- [SafetyNet Alerts] [restartedMain] com.zaxxer.hikari.pool.HikariPool        : HikariPool-1 - Added connection conn0: url=jdbc:h2:mem:b19d27d7-6438-42b8-a11e-3ae911fa4cc2 user=SA
2024-12-02T23:00:33.642+01:00  INFO 10076 --- [SafetyNet Alerts] [restartedMain] com.zaxxer.hikari.HikariDataSource       : HikariPool-1 - Start completed.
2024-12-02T23:00:33.665+01:00  INFO 10076 --- [SafetyNet Alerts] [restartedMain] o.s.b.a.h2.H2ConsoleAutoConfiguration    : H2 console available at '/h2-console'. Database available at 'jdbc:h2:mem:b19d27d7-6438-42b8-a11e-3ae911fa4cc2'
2024-12-02T23:00:33.932+01:00 DEBUG 10076 --- [SafetyNet Alerts] [restartedMain] o.s.w.f.ServerHttpObservationFilter      : Filter 'webMvcObservationFilter' configured for use
2024-12-02T23:00:34.214+01:00  INFO 10076 --- [SafetyNet Alerts] [restartedMain] o.hibernate.jpa.internal.util.LogHelper  : HHH000204: Processing PersistenceUnitInfo [name: default]
2024-12-02T23:00:34.341+01:00  INFO 10076 --- [SafetyNet Alerts] [restartedMain] org.hibernate.Version                    : HHH000412: Hibernate ORM core version 6.5.3.Final
2024-12-02T23:00:34.415+01:00  INFO 10076 --- [SafetyNet Alerts] [restartedMain] o.h.c.internal.RegionFactoryInitiator    : HHH000026: Second-level cache disabled
2024-12-02T23:00:35.047+01:00  INFO 10076 --- [SafetyNet Alerts] [restartedMain] o.s.o.j.p.SpringPersistenceUnitInfo      : No LoadTimeWeaver setup: ignoring JPA class transformer
2024-12-02T23:00:35.624+01:00  INFO 10076 --- [SafetyNet Alerts] [restartedMain] o.h.e.t.j.p.i.JtaPlatformInitiator       : HHH000489: No JTA platform available (set 'hibernate.transaction.jta.platform' to enable JTA platform integration)
2024-12-02T23:00:35.631+01:00  INFO 10076 --- [SafetyNet Alerts] [restartedMain] j.LocalContainerEntityManagerFactoryBean : Initialized JPA EntityManagerFactory for persistence unit 'default'
2024-12-02T23:00:35.880+01:00  INFO 10076 --- [SafetyNet Alerts] [restartedMain] c.safetynet.alerts.service.DataService   : Chargement des donn√©es JSON au d√©marrage de l'application...
2024-12-02T23:00:35.880+01:00  INFO 10076 --- [SafetyNet Alerts] [restartedMain] c.safetynet.alerts.service.DataService   : Chargement du fichier JSON...
2024-12-02T23:00:35.881+01:00  INFO 10076 --- [SafetyNet Alerts] [restartedMain] c.safetynet.alerts.service.DataService   : Chemin du fichier : data.json
2024-12-02T23:00:36.005+01:00  INFO 10076 --- [SafetyNet Alerts] [restartedMain] c.safetynet.alerts.service.DataService   : Donn√©es JSON charg√©es avec succ√®s !
2024-12-02T23:00:36.291+01:00  WARN 10076 --- [SafetyNet Alerts] [restartedMain] JpaBaseConfiguration$JpaWebConfiguration : spring.jpa.open-in-view is enabled by default. Therefore, database queries may be performed during view rendering. Explicitly configure spring.jpa.open-in-view to disable this warning
2024-12-02T23:00:36.547+01:00 DEBUG 10076 --- [SafetyNet Alerts] [restartedMain] s.w.s.m.m.a.RequestMappingHandlerMapping : 14 mappings in 'requestMappingHandlerMapping'
2024-12-02T23:00:36.671+01:00 DEBUG 10076 --- [SafetyNet Alerts] [restartedMain] o.s.w.s.handler.SimpleUrlHandlerMapping  : Patterns [/webjars/**, /**] in 'resourceHandlerMapping'
2024-12-02T23:00:36.777+01:00 DEBUG 10076 --- [SafetyNet Alerts] [restartedMain] s.w.s.m.m.a.RequestMappingHandlerAdapter : ControllerAdvice beans: 0 @ModelAttribute, 0 @InitBinder, 1 RequestBodyAdvice, 1 ResponseBodyAdvice
2024-12-02T23:00:36.854+01:00 DEBUG 10076 --- [SafetyNet Alerts] [restartedMain] .m.m.a.ExceptionHandlerExceptionResolver : ControllerAdvice beans: 0 @ExceptionHandler, 1 ResponseBodyAdvice
2024-12-02T23:00:37.731+01:00  INFO 10076 --- [SafetyNet Alerts] [restartedMain] o.s.b.d.a.OptionalLiveReloadServer       : LiveReload server is running on port 35729
2024-12-02T23:00:37.754+01:00  INFO 10076 --- [SafetyNet Alerts] [restartedMain] o.s.b.a.e.web.EndpointLinksResolver      : Exposing 1 endpoint beneath base path '/actuator'
2024-12-02T23:00:37.903+01:00  INFO 10076 --- [SafetyNet Alerts] [restartedMain] o.s.b.w.embedded.tomcat.TomcatWebServer  : Tomcat started on port 8080 (http) with context path '/'
2024-12-02T23:00:37.930+01:00  INFO 10076 --- [SafetyNet Alerts] [restartedMain] c.s.alerts.SafetyNetAlertsApplication    : Started SafetyNetAlertsApplication in 11.034 seconds (process running for 12.084)
2024-12-02T23:01:41.470+01:00  INFO 10076 --- [SafetyNet Alerts] [http-nio-8080-exec-2] o.a.c.c.C.[Tomcat].[localhost].[/]       : Initializing Spring DispatcherServlet 'dispatcherServlet'
2024-12-02T23:01:41.472+01:00  INFO 10076 --- [SafetyNet Alerts] [http-nio-8080-exec-2] o.s.web.servlet.DispatcherServlet        : Initializing Servlet 'dispatcherServlet'
2024-12-02T23:01:41.473+01:00 DEBUG 10076 --- [SafetyNet Alerts] [http-nio-8080-exec-2] o.s.web.servlet.DispatcherServlet        : Detected StandardServletMultipartResolver
2024-12-02T23:01:41.473+01:00 DEBUG 10076 --- [SafetyNet Alerts] [http-nio-8080-exec-2] o.s.web.servlet.DispatcherServlet        : Detected AcceptHeaderLocaleResolver
2024-12-02T23:01:41.474+01:00 DEBUG 10076 --- [SafetyNet Alerts] [http-nio-8080-exec-2] o.s.web.servlet.DispatcherServlet        : Detected FixedThemeResolver
2024-12-02T23:01:41.477+01:00 DEBUG 10076 --- [SafetyNet Alerts] [http-nio-8080-exec-2] o.s.web.servlet.DispatcherServlet        : Detected org.springframework.web.servlet.view.DefaultRequestToViewNameTranslator@40759b2e
2024-12-02T23:01:41.478+01:00 DEBUG 10076 --- [SafetyNet Alerts] [http-nio-8080-exec-2] o.s.web.servlet.DispatcherServlet        : Detected org.springframework.web.servlet.support.SessionFlashMapManager@2b4077f9
2024-12-02T23:01:41.479+01:00 DEBUG 10076 --- [SafetyNet Alerts] [http-nio-8080-exec-2] o.s.web.servlet.DispatcherServlet        : enableLoggingRequestDetails='false': request parameters and headers will be masked to prevent unsafe logging of potentially sensitive data
2024-12-02T23:01:41.479+01:00  INFO 10076 --- [SafetyNet Alerts] [http-nio-8080-exec-2] o.s.web.servlet.DispatcherServlet        : Completed initialization in 6 ms
2024-12-02T23:01:41.514+01:00 DEBUG 10076 --- [SafetyNet Alerts] [http-nio-8080-exec-2] o.s.web.servlet.DispatcherServlet        : GET "/person", parameters={}
2024-12-02T23:01:41.564+01:00 DEBUG 10076 --- [SafetyNet Alerts] [http-nio-8080-exec-2] s.w.s.m.m.a.RequestMappingHandlerMapping : Mapped to com.safetynet.alerts.controller.PersonController#getAllPersons()
2024-12-02T23:01:41.699+01:00 DEBUG 10076 --- [SafetyNet Alerts] [http-nio-8080-exec-2] o.s.w.s.m.m.a.HttpEntityMethodProcessor  : Using 'application/json', given [*/*] and supported [application/json, application/*+json]
2024-12-02T23:01:41.702+01:00 DEBUG 10076 --- [SafetyNet Alerts] [http-nio-8080-exec-2] o.s.w.s.m.m.a.HttpEntityMethodProcessor  : Writing [[]]
2024-12-02T23:01:41.728+01:00 DEBUG 10076 --- [SafetyNet Alerts] [http-nio-8080-exec-2] o.s.web.servlet.DispatcherServlet        : Completed 200 OK
2024-12-02T23:01:52.337+01:00 DEBUG 10076 --- [SafetyNet Alerts] [http-nio-8080-exec-3] o.s.web.servlet.DispatcherServlet        : POST "/person/Jacob/Boyd", parameters={}
2024-12-02T23:01:52.343+01:00  WARN 10076 --- [SafetyNet Alerts] [http-nio-8080-exec-3] .w.s.m.s.DefaultHandlerExceptionResolver : Resolved [org.springframework.web.HttpRequestMethodNotSupportedException: Request method 'POST' is not supported]
2024-12-02T23:01:52.343+01:00 DEBUG 10076 --- [SafetyNet Alerts] [http-nio-8080-exec-3] o.s.web.servlet.DispatcherServlet        : Completed 405 METHOD_NOT_ALLOWED
2024-12-02T23:01:52.352+01:00 DEBUG 10076 --- [SafetyNet Alerts] [http-nio-8080-exec-3] o.s.web.servlet.DispatcherServlet        : "ERROR" dispatch for POST "/error", parameters={}
2024-12-02T23:01:52.354+01:00 DEBUG 10076 --- [SafetyNet Alerts] [http-nio-8080-exec-3] s.w.s.m.m.a.RequestMappingHandlerMapping : Mapped to org.springframework.boot.autoconfigure.web.servlet.error.BasicErrorController#error(HttpServletRequest)
2024-12-02T23:01:52.367+01:00 DEBUG 10076 --- [SafetyNet Alerts] [http-nio-8080-exec-3] o.s.w.s.m.m.a.HttpEntityMethodProcessor  : Using 'application/json', given [*/*] and supported [application/json, application/*+json]
2024-12-02T23:01:52.368+01:00 DEBUG 10076 --- [SafetyNet Alerts] [http-nio-8080-exec-3] o.s.w.s.m.m.a.HttpEntityMethodProcessor  : Writing [{timestamp=Mon Dec 02 23:01:52 CET 2024, status=405, error=Method Not Allowed, trace=org.springframe (truncated)...]
2024-12-02T23:01:52.389+01:00 DEBUG 10076 --- [SafetyNet Alerts] [http-nio-8080-exec-3] o.s.web.servlet.DispatcherServlet        : Exiting from "ERROR" dispatch, status 405
2024-12-02T23:02:02.861+01:00 DEBUG 10076 --- [SafetyNet Alerts] [http-nio-8080-exec-4] o.s.web.servlet.DispatcherServlet        : PUT "/person/John/Boyd", parameters={}
2024-12-02T23:02:02.863+01:00 DEBUG 10076 --- [SafetyNet Alerts] [http-nio-8080-exec-4] s.w.s.m.m.a.RequestMappingHandlerMapping : Mapped to com.safetynet.alerts.controller.PersonController#updatePerson(String, String, Person)
2024-12-02T23:02:02.885+01:00 DEBUG 10076 --- [SafetyNet Alerts] [http-nio-8080-exec-4] m.m.a.RequestResponseBodyMethodProcessor : Read "application/json;charset=UTF-8" to [com.safetynet.alerts.model.Person@748a2a92]
2024-12-02T23:02:02.889+01:00  INFO 10076 --- [SafetyNet Alerts] [http-nio-8080-exec-4] c.s.alerts.controller.PersonController   : Received PUT request for: John Boyd
2024-12-02T23:02:02.889+01:00  INFO 10076 --- [SafetyNet Alerts] [http-nio-8080-exec-4] c.s.alerts.controller.PersonController   : Request body: com.safetynet.alerts.model.Person@748a2a92
2024-12-02T23:02:02.890+01:00  WARN 10076 --- [SafetyNet Alerts] [http-nio-8080-exec-4] c.s.alerts.service.PersonService         : Person not found: John Boyd
2024-12-02T23:02:02.891+01:00  WARN 10076 --- [SafetyNet Alerts] [http-nio-8080-exec-4] c.s.alerts.controller.PersonController   : Person not found: John Boyd
2024-12-02T23:02:02.901+01:00 DEBUG 10076 --- [SafetyNet Alerts] [http-nio-8080-exec-4] o.s.w.s.m.m.a.HttpEntityMethodProcessor  : Using 'application/json', given [*/*] and supported [application/json, application/*+json]
2024-12-02T23:02:02.902+01:00 DEBUG 10076 --- [SafetyNet Alerts] [http-nio-8080-exec-4] o.s.w.s.m.m.a.HttpEntityMethodProcessor  : Nothing to write: null body
2024-12-02T23:02:02.902+01:00 DEBUG 10076 --- [SafetyNet Alerts] [http-nio-8080-exec-4] o.s.web.servlet.DispatcherServlet        : Completed 404 NOT_FOUND
2024-12-02T23:02:12.705+01:00 DEBUG 10076 --- [SafetyNet Alerts] [http-nio-8080-exec-5] o.s.web.servlet.DispatcherServlet        : GET "/person", parameters={}
2024-12-02T23:02:12.706+01:00 DEBUG 10076 --- [SafetyNet Alerts] [http-nio-8080-exec-5] s.w.s.m.m.a.RequestMappingHandlerMapping : Mapped to com.safetynet.alerts.controller.PersonController#getAllPersons()
2024-12-02T23:02:12.706+01:00 DEBUG 10076 --- [SafetyNet Alerts] [http-nio-8080-exec-5] o.s.w.s.m.m.a.HttpEntityMethodProcessor  : Using 'application/json', given [*/*] and supported [application/json, application/*+json]
2024-12-02T23:02:12.707+01:00 DEBUG 10076 --- [SafetyNet Alerts] [http-nio-8080-exec-5] o.s.w.s.m.m.a.HttpEntityMethodProcessor  : Writing [[]]
2024-12-02T23:02:12.708+01:00 DEBUG 10076 --- [SafetyNet Alerts] [http-nio-8080-exec-5] o.s.web.servlet.DispatcherServlet        : Completed 200 OK
2024-12-02T23:02:57.815+01:00 DEBUG 10076 --- [SafetyNet Alerts] [http-nio-8080-exec-6] o.s.web.servlet.DispatcherServlet        : POST "/person/John/Boyd", parameters={}
2024-12-02T23:02:57.817+01:00  WARN 10076 --- [SafetyNet Alerts] [http-nio-8080-exec-6] .w.s.m.s.DefaultHandlerExceptionResolver : Resolved [org.springframework.web.HttpRequestMethodNotSupportedException: Request method 'POST' is not supported]
2024-12-02T23:02:57.817+01:00 DEBUG 10076 --- [SafetyNet Alerts] [http-nio-8080-exec-6] o.s.web.servlet.DispatcherServlet        : Completed 405 METHOD_NOT_ALLOWED
2024-12-02T23:02:57.819+01:00 DEBUG 10076 --- [SafetyNet Alerts] [http-nio-8080-exec-6] o.s.web.servlet.DispatcherServlet        : "ERROR" dispatch for POST "/error", parameters={}
2024-12-02T23:02:57.821+01:00 DEBUG 10076 --- [SafetyNet Alerts] [http-nio-8080-exec-6] s.w.s.m.m.a.RequestMappingHandlerMapping : Mapped to org.springframework.boot.autoconfigure.web.servlet.error.BasicErrorController#error(HttpServletRequest)
2024-12-02T23:02:57.824+01:00 DEBUG 10076 --- [SafetyNet Alerts] [http-nio-8080-exec-6] o.s.w.s.m.m.a.HttpEntityMethodProcessor  : Using 'application/json', given [*/*] and supported [application/json, application/*+json]
2024-12-02T23:02:57.825+01:00 DEBUG 10076 --- [SafetyNet Alerts] [http-nio-8080-exec-6] o.s.w.s.m.m.a.HttpEntityMethodProcessor  : Writing [{timestamp=Mon Dec 02 23:02:57 CET 2024, status=405, error=Method Not Allowed, trace=org.springframe (truncated)...]
2024-12-02T23:02:57.827+01:00 DEBUG 10076 --- [SafetyNet Alerts] [http-nio-8080-exec-6] o.s.web.servlet.DispatcherServlet        : Exiting from "ERROR" dispatch, status 405
2024-12-02T23:03:14.631+01:00  INFO 10076 --- [SafetyNet Alerts] [File Watcher] rtingClassPathChangeChangedEventListener : Restarting due to 35 class path changes (0 additions, 34 deletions, 1 modification)
2024-12-02T23:03:14.656+01:00  INFO 10076 --- [SafetyNet Alerts] [Thread-5] j.LocalContainerEntityManagerFactoryBean : Closing JPA EntityManagerFactory for persistence unit 'default'
2024-12-02T23:03:14.687+01:00  WARN 10076 --- [SafetyNet Alerts] [Thread-5] o.s.b.f.support.DisposableBeanAdapter    : Invocation of destroy method failed on bean with name 'inMemoryDatabaseShutdownExecutor': org.h2.jdbc.JdbcSQLNonTransientConnectionException: La base de donn√©es est d√©j√† ferm√©e (pour d√©sactiver la fermeture automatique √† l'arr√™t de la VM, ajoutez "; DB_CLOSE_ON_EXIT = FALSE" √† l'URL db)
Database is already closed (to disable automatic closing at VM shutdown, add ";DB_CLOSE_ON_EXIT=FALSE" to the db URL) [90121-224]
2024-12-02T23:03:14.705+01:00  INFO 10076 --- [SafetyNet Alerts] [Thread-5] com.zaxxer.hikari.HikariDataSource       : HikariPool-1 - Shutdown initiated...
2024-12-02T23:03:14.725+01:00  INFO 10076 --- [SafetyNet Alerts] [Thread-5] com.zaxxer.hikari.HikariDataSource       : HikariPool-1 - Shutdown completed.
2024-12-02T23:03:15.077+01:00  INFO 10076 --- [SafetyNet Alerts] [restartedMain] c.s.alerts.SafetyNetAlertsApplication    : Starting SafetyNetAlertsApplication using Java 22.0.1 with PID 10076 (C:\wamp64\www\openclassrooms\P5-Cr√©ez votre premi√®re application web avec Spring Boot\SafetyNetAlerts\target\classes started by hacha in C:\wamp64\www\openclassrooms\P5-Cr√©ez votre premi√®re application web avec Spring Boot\SafetyNetAlerts)
2024-12-02T23:03:15.077+01:00 DEBUG 10076 --- [SafetyNet Alerts] [restartedMain] c.s.alerts.SafetyNetAlertsApplication    : Running with Spring Boot v3.3.5, Spring v6.1.14
2024-12-02T23:03:15.078+01:00  INFO 10076 --- [SafetyNet Alerts] [restartedMain] c.s.alerts.SafetyNetAlertsApplication    : No active profile set, falling back to 1 default profile: "default"
2024-12-02T23:03:17.489+01:00  INFO 10076 --- [SafetyNet Alerts] [restartedMain] .s.d.r.c.RepositoryConfigurationDelegate : Bootstrapping Spring Data JPA repositories in DEFAULT mode.
2024-12-02T23:03:17.493+01:00  INFO 10076 --- [SafetyNet Alerts] [restartedMain] .s.d.r.c.RepositoryConfigurationDelegate : Finished Spring Data repository scanning in 2 ms. Found 0 JPA repository interfaces.
2024-12-02T23:03:18.599+01:00  INFO 10076 --- [SafetyNet Alerts] [restartedMain] o.s.b.w.embedded.tomcat.TomcatWebServer  : Tomcat initialized with port 8080 (http)
2024-12-02T23:03:18.602+01:00  INFO 10076 --- [SafetyNet Alerts] [restartedMain] o.apache.catalina.core.StandardService   : Starting service [Tomcat]
2024-12-02T23:03:18.602+01:00  INFO 10076 --- [SafetyNet Alerts] [restartedMain] o.apache.catalina.core.StandardEngine    : Starting Servlet engine: [Apache Tomcat/10.1.31]
2024-12-02T23:03:18.728+01:00  INFO 10076 --- [SafetyNet Alerts] [restartedMain] o.a.c.c.C.[Tomcat].[localhost].[/]       : Initializing Spring embedded WebApplicationContext
2024-12-02T23:03:18.728+01:00  INFO 10076 --- [SafetyNet Alerts] [restartedMain] w.s.c.ServletWebServerApplicationContext : Root WebApplicationContext: initialization completed in 3645 ms
2024-12-02T23:03:18.921+01:00  INFO 10076 --- [SafetyNet Alerts] [restartedMain] com.zaxxer.hikari.HikariDataSource       : HikariPool-2 - Starting...
2024-12-02T23:03:18.927+01:00  INFO 10076 --- [SafetyNet Alerts] [restartedMain] com.zaxxer.hikari.pool.HikariPool        : HikariPool-2 - Added connection conn10: url=jdbc:h2:mem:a8158227-0350-4710-b535-145fe73221e1 user=SA
2024-12-02T23:03:18.927+01:00  INFO 10076 --- [SafetyNet Alerts] [restartedMain] com.zaxxer.hikari.HikariDataSource       : HikariPool-2 - Start completed.
2024-12-02T23:03:18.928+01:00  INFO 10076 --- [SafetyNet Alerts] [restartedMain] o.s.b.a.h2.H2ConsoleAutoConfiguration    : H2 console available at '/h2-console'. Database available at 'jdbc:h2:mem:a8158227-0350-4710-b535-145fe73221e1'
2024-12-02T23:03:18.997+01:00 DEBUG 10076 --- [SafetyNet Alerts] [restartedMain] o.s.w.f.ServerHttpObservationFilter      : Filter 'webMvcObservationFilter' configured for use
2024-12-02T23:03:19.063+01:00  INFO 10076 --- [SafetyNet Alerts] [restartedMain] o.hibernate.jpa.internal.util.LogHelper  : HHH000204: Processing PersistenceUnitInfo [name: default]
2024-12-02T23:03:19.082+01:00  INFO 10076 --- [SafetyNet Alerts] [restartedMain] o.h.c.internal.RegionFactoryInitiator    : HHH000026: Second-level cache disabled
2024-12-02T23:03:19.157+01:00  INFO 10076 --- [SafetyNet Alerts] [restartedMain] o.s.o.j.p.SpringPersistenceUnitInfo      : No LoadTimeWeaver setup: ignoring JPA class transformer
2024-12-02T23:03:19.241+01:00  INFO 10076 --- [SafetyNet Alerts] [restartedMain] o.h.e.t.j.p.i.JtaPlatformInitiator       : HHH000489: No JTA platform available (set 'hibernate.transaction.jta.platform' to enable JTA platform integration)
2024-12-02T23:03:19.242+01:00  INFO 10076 --- [SafetyNet Alerts] [restartedMain] j.LocalContainerEntityManagerFactoryBean : Initialized JPA EntityManagerFactory for persistence unit 'default'
2024-12-02T23:03:19.423+01:00  WARN 10076 --- [SafetyNet Alerts] [restartedMain] JpaBaseConfiguration$JpaWebConfiguration : spring.jpa.open-in-view is enabled by default. Therefore, database queries may be performed during view rendering. Explicitly configure spring.jpa.open-in-view to disable this warning
2024-12-02T23:03:19.715+01:00 DEBUG 10076 --- [SafetyNet Alerts] [restartedMain] s.w.s.m.m.a.RequestMappingHandlerMapping : 2 mappings in 'requestMappingHandlerMapping'
2024-12-02T23:03:19.987+01:00 DEBUG 10076 --- [SafetyNet Alerts] [restartedMain] o.s.w.s.handler.SimpleUrlHandlerMapping  : Patterns [/webjars/**, /**] in 'resourceHandlerMapping'
2024-12-02T23:03:20.082+01:00 DEBUG 10076 --- [SafetyNet Alerts] [restartedMain] s.w.s.m.m.a.RequestMappingHandlerAdapter : ControllerAdvice beans: 0 @ModelAttribute, 0 @InitBinder, 1 RequestBodyAdvice, 1 ResponseBodyAdvice
2024-12-02T23:03:20.152+01:00 DEBUG 10076 --- [SafetyNet Alerts] [restartedMain] .m.m.a.ExceptionHandlerExceptionResolver : ControllerAdvice beans: 0 @ExceptionHandler, 1 ResponseBodyAdvice
2024-12-02T23:03:21.778+01:00  INFO 10076 --- [SafetyNet Alerts] [restartedMain] o.s.b.d.a.OptionalLiveReloadServer       : LiveReload server is running on port 35729
2024-12-02T23:03:21.793+01:00  INFO 10076 --- [SafetyNet Alerts] [restartedMain] o.s.b.a.e.web.EndpointLinksResolver      : Exposing 1 endpoint beneath base path '/actuator'
2024-12-02T23:03:21.887+01:00  INFO 10076 --- [SafetyNet Alerts] [restartedMain] o.s.b.w.embedded.tomcat.TomcatWebServer  : Tomcat started on port 8080 (http) with context path '/'
2024-12-02T23:03:21.958+01:00  INFO 10076 --- [SafetyNet Alerts] [restartedMain] c.s.alerts.SafetyNetAlertsApplication    : Started SafetyNetAlertsApplication in 7.026 seconds (process running for 176.111)
2024-12-02T23:03:21.970+01:00  INFO 10076 --- [SafetyNet Alerts] [restartedMain] .ConditionEvaluationDeltaLoggingListener : Condition evaluation unchanged
2024-12-02T23:03:24.117+01:00  INFO 10076 --- [SafetyNet Alerts] [File Watcher] rtingClassPathChangeChangedEventListener : Restarting due to 34 class path changes (34 additions, 0 deletions, 0 modifications)
2024-12-02T23:03:24.126+01:00  INFO 10076 --- [SafetyNet Alerts] [Thread-7] j.LocalContainerEntityManagerFactoryBean : Closing JPA EntityManagerFactory for persistence unit 'default'
2024-12-02T23:03:24.127+01:00  WARN 10076 --- [SafetyNet Alerts] [Thread-7] o.s.b.f.support.DisposableBeanAdapter    : Invocation of destroy method failed on bean with name 'inMemoryDatabaseShutdownExecutor': org.h2.jdbc.JdbcSQLNonTransientConnectionException: La base de donn√©es est d√©j√† ferm√©e (pour d√©sactiver la fermeture automatique √† l'arr√™t de la VM, ajoutez "; DB_CLOSE_ON_EXIT = FALSE" √† l'URL db)
Database is already closed (to disable automatic closing at VM shutdown, add ";DB_CLOSE_ON_EXIT=FALSE" to the db URL) [90121-224]
2024-12-02T23:03:24.129+01:00  INFO 10076 --- [SafetyNet Alerts] [Thread-7] com.zaxxer.hikari.HikariDataSource       : HikariPool-2 - Shutdown initiated...
2024-12-02T23:03:24.134+01:00  INFO 10076 --- [SafetyNet Alerts] [Thread-7] com.zaxxer.hikari.HikariDataSource       : HikariPool-2 - Shutdown completed.
2024-12-02T23:03:24.296+01:00  INFO 10076 --- [SafetyNet Alerts] [restartedMain] c.s.alerts.SafetyNetAlertsApplication    : Starting SafetyNetAlertsApplication using Java 22.0.1 with PID 10076 (C:\wamp64\www\openclassrooms\P5-Cr√©ez votre premi√®re application web avec Spring Boot\SafetyNetAlerts\target\classes started by hacha in C:\wamp64\www\openclassrooms\P5-Cr√©ez votre premi√®re application web avec Spring Boot\SafetyNetAlerts)
2024-12-02T23:03:24.297+01:00 DEBUG 10076 --- [SafetyNet Alerts] [restartedMain] c.s.alerts.SafetyNetAlertsApplication    : Running with Spring Boot v3.3.5, Spring v6.1.14
2024-12-02T23:03:24.297+01:00  INFO 10076 --- [SafetyNet Alerts] [restartedMain] c.s.alerts.SafetyNetAlertsApplication    : No active profile set, falling back to 1 default profile: "default"
2024-12-02T23:03:25.050+01:00  INFO 10076 --- [SafetyNet Alerts] [restartedMain] .s.d.r.c.RepositoryConfigurationDelegate : Bootstrapping Spring Data JPA repositories in DEFAULT mode.
2024-12-02T23:03:25.057+01:00  INFO 10076 --- [SafetyNet Alerts] [restartedMain] .s.d.r.c.RepositoryConfigurationDelegate : Finished Spring Data repository scanning in 6 ms. Found 0 JPA repository interfaces.
2024-12-02T23:03:25.638+01:00  INFO 10076 --- [SafetyNet Alerts] [restartedMain] o.s.b.w.embedded.tomcat.TomcatWebServer  : Tomcat initialized with port 8080 (http)
2024-12-02T23:03:25.646+01:00  INFO 10076 --- [SafetyNet Alerts] [restartedMain] o.apache.catalina.core.StandardService   : Starting service [Tomcat]
2024-12-02T23:03:25.659+01:00  INFO 10076 --- [SafetyNet Alerts] [restartedMain] o.apache.catalina.core.StandardEngine    : Starting Servlet engine: [Apache Tomcat/10.1.31]
2024-12-02T23:03:25.893+01:00  INFO 10076 --- [SafetyNet Alerts] [restartedMain] o.a.c.c.C.[Tomcat].[localhost].[/]       : Initializing Spring embedded WebApplicationContext
2024-12-02T23:03:25.894+01:00  INFO 10076 --- [SafetyNet Alerts] [restartedMain] w.s.c.ServletWebServerApplicationContext : Root WebApplicationContext: initialization completed in 1593 ms
2024-12-02T23:03:26.121+01:00  INFO 10076 --- [SafetyNet Alerts] [restartedMain] com.zaxxer.hikari.HikariDataSource       : HikariPool-3 - Starting...
2024-12-02T23:03:26.149+01:00  INFO 10076 --- [SafetyNet Alerts] [restartedMain] com.zaxxer.hikari.pool.HikariPool        : HikariPool-3 - Added connection conn20: url=jdbc:h2:mem:5a4cedf3-8793-454c-a73f-e059dc86c51a user=SA
2024-12-02T23:03:26.150+01:00  INFO 10076 --- [SafetyNet Alerts] [restartedMain] com.zaxxer.hikari.HikariDataSource       : HikariPool-3 - Start completed.
2024-12-02T23:03:26.150+01:00  INFO 10076 --- [SafetyNet Alerts] [restartedMain] o.s.b.a.h2.H2ConsoleAutoConfiguration    : H2 console available at '/h2-console'. Database available at 'jdbc:h2:mem:5a4cedf3-8793-454c-a73f-e059dc86c51a'
2024-12-02T23:03:26.222+01:00 DEBUG 10076 --- [SafetyNet Alerts] [restartedMain] o.s.w.f.ServerHttpObservationFilter      : Filter 'webMvcObservationFilter' configured for use
2024-12-02T23:03:26.337+01:00  INFO 10076 --- [SafetyNet Alerts] [restartedMain] o.hibernate.jpa.internal.util.LogHelper  : HHH000204: Processing PersistenceUnitInfo [name: default]
2024-12-02T23:03:26.346+01:00  INFO 10076 --- [SafetyNet Alerts] [restartedMain] o.h.c.internal.RegionFactoryInitiator    : HHH000026: Second-level cache disabled
2024-12-02T23:03:26.382+01:00  INFO 10076 --- [SafetyNet Alerts] [restartedMain] o.s.o.j.p.SpringPersistenceUnitInfo      : No LoadTimeWeaver setup: ignoring JPA class transformer
2024-12-02T23:03:26.498+01:00  INFO 10076 --- [SafetyNet Alerts] [restartedMain] o.h.e.t.j.p.i.JtaPlatformInitiator       : HHH000489: No JTA platform available (set 'hibernate.transaction.jta.platform' to enable JTA platform integration)
2024-12-02T23:03:26.499+01:00  INFO 10076 --- [SafetyNet Alerts] [restartedMain] j.LocalContainerEntityManagerFactoryBean : Initialized JPA EntityManagerFactory for persistence unit 'default'
2024-12-02T23:03:26.771+01:00  INFO 10076 --- [SafetyNet Alerts] [restartedMain] c.safetynet.alerts.service.DataService   : Chargement des donn√©es JSON au d√©marrage de l'application...
2024-12-02T23:03:26.776+01:00  INFO 10076 --- [SafetyNet Alerts] [restartedMain] c.safetynet.alerts.service.DataService   : Chargement du fichier JSON...
2024-12-02T23:03:26.777+01:00  INFO 10076 --- [SafetyNet Alerts] [restartedMain] c.safetynet.alerts.service.DataService   : Chemin du fichier : data.json
2024-12-02T23:03:26.814+01:00  INFO 10076 --- [SafetyNet Alerts] [restartedMain] c.safetynet.alerts.service.DataService   : Donn√©es JSON charg√©es avec succ√®s !
2024-12-02T23:03:27.072+01:00  WARN 10076 --- [SafetyNet Alerts] [restartedMain] JpaBaseConfiguration$JpaWebConfiguration : spring.jpa.open-in-view is enabled by default. Therefore, database queries may be performed during view rendering. Explicitly configure spring.jpa.open-in-view to disable this warning
2024-12-02T23:03:27.295+01:00 DEBUG 10076 --- [SafetyNet Alerts] [restartedMain] s.w.s.m.m.a.RequestMappingHandlerMapping : 14 mappings in 'requestMappingHandlerMapping'
2024-12-02T23:03:27.349+01:00 DEBUG 10076 --- [SafetyNet Alerts] [restartedMain] o.s.w.s.handler.SimpleUrlHandlerMapping  : Patterns [/webjars/**, /**] in 'resourceHandlerMapping'
2024-12-02T23:03:27.384+01:00 DEBUG 10076 --- [SafetyNet Alerts] [restartedMain] s.w.s.m.m.a.RequestMappingHandlerAdapter : ControllerAdvice beans: 0 @ModelAttribute, 0 @InitBinder, 1 RequestBodyAdvice, 1 ResponseBodyAdvice
2024-12-02T23:03:27.408+01:00 DEBUG 10076 --- [SafetyNet Alerts] [restartedMain] .m.m.a.ExceptionHandlerExceptionResolver : ControllerAdvice beans: 0 @ExceptionHandler, 1 ResponseBodyAdvice
2024-12-02T23:03:27.944+01:00  INFO 10076 --- [SafetyNet Alerts] [restartedMain] o.s.b.d.a.OptionalLiveReloadServer       : LiveReload server is running on port 35729
2024-12-02T23:03:27.955+01:00  INFO 10076 --- [SafetyNet Alerts] [restartedMain] o.s.b.a.e.web.EndpointLinksResolver      : Exposing 1 endpoint beneath base path '/actuator'
2024-12-02T23:03:28.087+01:00  INFO 10076 --- [SafetyNet Alerts] [restartedMain] o.s.b.w.embedded.tomcat.TomcatWebServer  : Tomcat started on port 8080 (http) with context path '/'
2024-12-02T23:03:28.098+01:00  INFO 10076 --- [SafetyNet Alerts] [restartedMain] c.s.alerts.SafetyNetAlertsApplication    : Started SafetyNetAlertsApplication in 3.886 seconds (process running for 182.252)
2024-12-02T23:03:28.103+01:00  INFO 10076 --- [SafetyNet Alerts] [restartedMain] .ConditionEvaluationDeltaLoggingListener : Condition evaluation unchanged
2024-12-02T23:03:31.781+01:00  INFO 8820 --- [SafetyNet Alerts] [main] c.s.a.SafetyNetAlertsApplicationTests    : Starting SafetyNetAlertsApplicationTests using Java 17.0.12 with PID 8820 (started by hacha in C:\wamp64\www\openclassrooms\P5-CrÈez votre premiËre application web avec Spring Boot\SafetyNetAlerts)
2024-12-02T23:03:31.785+01:00 DEBUG 8820 --- [SafetyNet Alerts] [main] c.s.a.SafetyNetAlertsApplicationTests    : Running with Spring Boot v3.3.5, Spring v6.1.14
2024-12-02T23:03:31.787+01:00  INFO 8820 --- [SafetyNet Alerts] [main] c.s.a.SafetyNetAlertsApplicationTests    : No active profile set, falling back to 1 default profile: "default"
2024-12-02T23:03:31.903+01:00 DEBUG 8820 --- [SafetyNet Alerts] [main] o.s.w.c.s.GenericWebApplicationContext   : Refreshing org.springframework.web.context.support.GenericWebApplicationContext@738a5848
2024-12-02T23:03:34.882+01:00  INFO 8820 --- [SafetyNet Alerts] [main] .s.d.r.c.RepositoryConfigurationDelegate : Bootstrapping Spring Data JPA repositories in DEFAULT mode.
2024-12-02T23:03:34.961+01:00  INFO 8820 --- [SafetyNet Alerts] [main] .s.d.r.c.RepositoryConfigurationDelegate : Finished Spring Data repository scanning in 45 ms. Found 0 JPA repository interfaces.
2024-12-02T23:03:36.731+01:00  INFO 8820 --- [SafetyNet Alerts] [main] com.zaxxer.hikari.HikariDataSource       : HikariPool-1 - Starting...
2024-12-02T23:03:37.536+01:00  INFO 8820 --- [SafetyNet Alerts] [main] com.zaxxer.hikari.pool.HikariPool        : HikariPool-1 - Added connection conn0: url=jdbc:h2:mem:89dbc778-6d94-43bd-83a3-c73e5aa31c6f user=SA
2024-12-02T23:03:37.542+01:00  INFO 8820 --- [SafetyNet Alerts] [main] com.zaxxer.hikari.HikariDataSource       : HikariPool-1 - Start completed.
2024-12-02T23:03:37.682+01:00  INFO 8820 --- [SafetyNet Alerts] [main] o.hibernate.jpa.internal.util.LogHelper  : HHH000204: Processing PersistenceUnitInfo [name: default]
2024-12-02T23:03:37.877+01:00  INFO 8820 --- [SafetyNet Alerts] [main] org.hibernate.Version                    : HHH000412: Hibernate ORM core version 6.5.3.Final
2024-12-02T23:03:37.989+01:00  INFO 8820 --- [SafetyNet Alerts] [main] o.h.c.internal.RegionFactoryInitiator    : HHH000026: Second-level cache disabled
2024-12-02T23:03:39.039+01:00  INFO 8820 --- [SafetyNet Alerts] [main] o.s.o.j.p.SpringPersistenceUnitInfo      : No LoadTimeWeaver setup: ignoring JPA class transformer
2024-12-02T23:03:40.449+01:00  INFO 8820 --- [SafetyNet Alerts] [main] o.h.e.t.j.p.i.JtaPlatformInitiator       : HHH000489: No JTA platform available (set 'hibernate.transaction.jta.platform' to enable JTA platform integration)
2024-12-02T23:03:40.465+01:00  INFO 8820 --- [SafetyNet Alerts] [main] j.LocalContainerEntityManagerFactoryBean : Initialized JPA EntityManagerFactory for persistence unit 'default'
2024-12-02T23:03:40.729+01:00  INFO 8820 --- [SafetyNet Alerts] [main] c.safetynet.alerts.service.DataService   : Chargement des donnÈes JSON au dÈmarrage de l'application...
2024-12-02T23:03:40.730+01:00  INFO 8820 --- [SafetyNet Alerts] [main] c.safetynet.alerts.service.DataService   : Chargement du fichier JSON...
2024-12-02T23:03:40.731+01:00  INFO 8820 --- [SafetyNet Alerts] [main] c.safetynet.alerts.service.DataService   : Chemin du fichier : data.json
2024-12-02T23:03:40.943+01:00  INFO 8820 --- [SafetyNet Alerts] [main] c.safetynet.alerts.service.DataService   : DonnÈes JSON chargÈes avec succËs !
2024-12-02T23:03:41.669+01:00  WARN 8820 --- [SafetyNet Alerts] [main] JpaBaseConfiguration$JpaWebConfiguration : spring.jpa.open-in-view is enabled by default. Therefore, database queries may be performed during view rendering. Explicitly configure spring.jpa.open-in-view to disable this warning
2024-12-02T23:03:42.028+01:00 DEBUG 8820 --- [SafetyNet Alerts] [main] s.w.s.m.m.a.RequestMappingHandlerMapping : 14 mappings in 'requestMappingHandlerMapping'
2024-12-02T23:03:42.233+01:00 DEBUG 8820 --- [SafetyNet Alerts] [main] o.s.w.s.handler.SimpleUrlHandlerMapping  : Patterns [/webjars/**, /**] in 'resourceHandlerMapping'
2024-12-02T23:03:42.361+01:00 DEBUG 8820 --- [SafetyNet Alerts] [main] s.w.s.m.m.a.RequestMappingHandlerAdapter : ControllerAdvice beans: 0 @ModelAttribute, 0 @InitBinder, 1 RequestBodyAdvice, 1 ResponseBodyAdvice
2024-12-02T23:03:42.516+01:00 DEBUG 8820 --- [SafetyNet Alerts] [main] .m.m.a.ExceptionHandlerExceptionResolver : ControllerAdvice beans: 0 @ExceptionHandler, 1 ResponseBodyAdvice
2024-12-02T23:03:43.667+01:00  INFO 8820 --- [SafetyNet Alerts] [main] o.s.b.a.e.web.EndpointLinksResolver      : Exposing 1 endpoint beneath base path '/actuator'
2024-12-02T23:03:43.843+01:00  INFO 8820 --- [SafetyNet Alerts] [main] c.s.a.SafetyNetAlertsApplicationTests    : Started SafetyNetAlertsApplicationTests in 12.983 seconds (process running for 16.502)
2024-12-02T23:03:45.308+01:00 DEBUG 8820 --- [SafetyNet Alerts] [SpringApplicationShutdownHook] o.s.w.c.s.GenericWebApplicationContext   : Closing org.springframework.web.context.support.GenericWebApplicationContext@738a5848, started on Mon Dec 02 23:03:31 CET 2024
2024-12-02T23:03:45.564+01:00  INFO 8820 --- [SafetyNet Alerts] [SpringApplicationShutdownHook] j.LocalContainerEntityManagerFactoryBean : Closing JPA EntityManagerFactory for persistence unit 'default'
2024-12-02T23:03:45.567+01:00  INFO 8820 --- [SafetyNet Alerts] [SpringApplicationShutdownHook] com.zaxxer.hikari.HikariDataSource       : HikariPool-1 - Shutdown initiated...
2024-12-02T23:03:45.574+01:00  INFO 8820 --- [SafetyNet Alerts] [SpringApplicationShutdownHook] com.zaxxer.hikari.HikariDataSource       : HikariPool-1 - Shutdown completed.
2024-12-02T23:04:01.740+01:00  INFO 10076 --- [SafetyNet Alerts] [SpringApplicationShutdownHook] j.LocalContainerEntityManagerFactoryBean : Closing JPA EntityManagerFactory for persistence unit 'default'
2024-12-02T23:04:01.742+01:00  WARN 10076 --- [SafetyNet Alerts] [SpringApplicationShutdownHook] o.s.b.f.support.DisposableBeanAdapter    : Invocation of destroy method failed on bean with name 'inMemoryDatabaseShutdownExecutor': org.h2.jdbc.JdbcSQLNonTransientConnectionException: La base de donn√©es est d√©j√† ferm√©e (pour d√©sactiver la fermeture automatique √† l'arr√™t de la VM, ajoutez "; DB_CLOSE_ON_EXIT = FALSE" √† l'URL db)
Database is already closed (to disable automatic closing at VM shutdown, add ";DB_CLOSE_ON_EXIT=FALSE" to the db URL) [90121-224]
2024-12-02T23:04:01.743+01:00  INFO 10076 --- [SafetyNet Alerts] [SpringApplicationShutdownHook] com.zaxxer.hikari.HikariDataSource       : HikariPool-3 - Shutdown initiated...
2024-12-02T23:04:01.746+01:00  INFO 10076 --- [SafetyNet Alerts] [SpringApplicationShutdownHook] com.zaxxer.hikari.HikariDataSource       : HikariPool-3 - Shutdown completed.
2024-12-02T23:04:07.066+01:00  INFO 14540 --- [SafetyNet Alerts] [restartedMain] c.s.alerts.SafetyNetAlertsApplication    : Starting SafetyNetAlertsApplication using Java 22.0.1 with PID 14540 (C:\wamp64\www\openclassrooms\P5-Cr√©ez votre premi√®re application web avec Spring Boot\SafetyNetAlerts\target\classes started by hacha in C:\wamp64\www\openclassrooms\P5-Cr√©ez votre premi√®re application web avec Spring Boot\SafetyNetAlerts)
2024-12-02T23:04:07.070+01:00 DEBUG 14540 --- [SafetyNet Alerts] [restartedMain] c.s.alerts.SafetyNetAlertsApplication    : Running with Spring Boot v3.3.5, Spring v6.1.14
2024-12-02T23:04:07.072+01:00  INFO 14540 --- [SafetyNet Alerts] [restartedMain] c.s.alerts.SafetyNetAlertsApplication    : No active profile set, falling back to 1 default profile: "default"
2024-12-02T23:04:07.178+01:00  INFO 14540 --- [SafetyNet Alerts] [restartedMain] .e.DevToolsPropertyDefaultsPostProcessor : Devtools property defaults active! Set 'spring.devtools.add-properties' to 'false' to disable
2024-12-02T23:04:07.179+01:00  INFO 14540 --- [SafetyNet Alerts] [restartedMain] .e.DevToolsPropertyDefaultsPostProcessor : For additional web related logging consider setting the 'logging.level.web' property to 'DEBUG'
2024-12-02T23:04:09.548+01:00  INFO 14540 --- [SafetyNet Alerts] [restartedMain] .s.d.r.c.RepositoryConfigurationDelegate : Bootstrapping Spring Data JPA repositories in DEFAULT mode.
2024-12-02T23:04:09.597+01:00  INFO 14540 --- [SafetyNet Alerts] [restartedMain] .s.d.r.c.RepositoryConfigurationDelegate : Finished Spring Data repository scanning in 31 ms. Found 0 JPA repository interfaces.
2024-12-02T23:04:11.310+01:00  INFO 14540 --- [SafetyNet Alerts] [restartedMain] o.s.b.w.embedded.tomcat.TomcatWebServer  : Tomcat initialized with port 8080 (http)
2024-12-02T23:04:11.343+01:00  INFO 14540 --- [SafetyNet Alerts] [restartedMain] o.apache.catalina.core.StandardService   : Starting service [Tomcat]
2024-12-02T23:04:11.343+01:00  INFO 14540 --- [SafetyNet Alerts] [restartedMain] o.apache.catalina.core.StandardEngine    : Starting Servlet engine: [Apache Tomcat/10.1.31]
2024-12-02T23:04:11.472+01:00  INFO 14540 --- [SafetyNet Alerts] [restartedMain] o.a.c.c.C.[Tomcat].[localhost].[/]       : Initializing Spring embedded WebApplicationContext
2024-12-02T23:04:11.473+01:00  INFO 14540 --- [SafetyNet Alerts] [restartedMain] w.s.c.ServletWebServerApplicationContext : Root WebApplicationContext: initialization completed in 4293 ms
2024-12-02T23:04:11.793+01:00  INFO 14540 --- [SafetyNet Alerts] [restartedMain] com.zaxxer.hikari.HikariDataSource       : HikariPool-1 - Starting...
2024-12-02T23:04:12.199+01:00  INFO 14540 --- [SafetyNet Alerts] [restartedMain] com.zaxxer.hikari.pool.HikariPool        : HikariPool-1 - Added connection conn0: url=jdbc:h2:mem:6618ad95-8d86-4e21-b35d-1780aae4d716 user=SA
2024-12-02T23:04:12.202+01:00  INFO 14540 --- [SafetyNet Alerts] [restartedMain] com.zaxxer.hikari.HikariDataSource       : HikariPool-1 - Start completed.
2024-12-02T23:04:12.220+01:00  INFO 14540 --- [SafetyNet Alerts] [restartedMain] o.s.b.a.h2.H2ConsoleAutoConfiguration    : H2 console available at '/h2-console'. Database available at 'jdbc:h2:mem:6618ad95-8d86-4e21-b35d-1780aae4d716'
2024-12-02T23:04:12.399+01:00 DEBUG 14540 --- [SafetyNet Alerts] [restartedMain] o.s.w.f.ServerHttpObservationFilter      : Filter 'webMvcObservationFilter' configured for use
2024-12-02T23:04:12.652+01:00  INFO 14540 --- [SafetyNet Alerts] [restartedMain] o.hibernate.jpa.internal.util.LogHelper  : HHH000204: Processing PersistenceUnitInfo [name: default]
2024-12-02T23:04:12.766+01:00  INFO 14540 --- [SafetyNet Alerts] [restartedMain] org.hibernate.Version                    : HHH000412: Hibernate ORM core version 6.5.3.Final
2024-12-02T23:04:12.840+01:00  INFO 14540 --- [SafetyNet Alerts] [restartedMain] o.h.c.internal.RegionFactoryInitiator    : HHH000026: Second-level cache disabled
2024-12-02T23:04:13.361+01:00  INFO 14540 --- [SafetyNet Alerts] [restartedMain] o.s.o.j.p.SpringPersistenceUnitInfo      : No LoadTimeWeaver setup: ignoring JPA class transformer
2024-12-02T23:04:13.910+01:00  INFO 14540 --- [SafetyNet Alerts] [restartedMain] o.h.e.t.j.p.i.JtaPlatformInitiator       : HHH000489: No JTA platform available (set 'hibernate.transaction.jta.platform' to enable JTA platform integration)
2024-12-02T23:04:13.916+01:00  INFO 14540 --- [SafetyNet Alerts] [restartedMain] j.LocalContainerEntityManagerFactoryBean : Initialized JPA EntityManagerFactory for persistence unit 'default'
2024-12-02T23:04:14.196+01:00  INFO 14540 --- [SafetyNet Alerts] [restartedMain] c.safetynet.alerts.service.DataService   : Chargement des donn√©es JSON au d√©marrage de l'application...
2024-12-02T23:04:14.197+01:00  INFO 14540 --- [SafetyNet Alerts] [restartedMain] c.safetynet.alerts.service.DataService   : Chargement du fichier JSON...
2024-12-02T23:04:14.199+01:00  INFO 14540 --- [SafetyNet Alerts] [restartedMain] c.safetynet.alerts.service.DataService   : Chemin du fichier : data.json
2024-12-02T23:04:14.313+01:00  INFO 14540 --- [SafetyNet Alerts] [restartedMain] c.safetynet.alerts.service.DataService   : Donn√©es JSON charg√©es avec succ√®s !
2024-12-02T23:04:14.609+01:00  WARN 14540 --- [SafetyNet Alerts] [restartedMain] JpaBaseConfiguration$JpaWebConfiguration : spring.jpa.open-in-view is enabled by default. Therefore, database queries may be performed during view rendering. Explicitly configure spring.jpa.open-in-view to disable this warning
2024-12-02T23:04:14.888+01:00 DEBUG 14540 --- [SafetyNet Alerts] [restartedMain] s.w.s.m.m.a.RequestMappingHandlerMapping : 14 mappings in 'requestMappingHandlerMapping'
2024-12-02T23:04:14.994+01:00 DEBUG 14540 --- [SafetyNet Alerts] [restartedMain] o.s.w.s.handler.SimpleUrlHandlerMapping  : Patterns [/webjars/**, /**] in 'resourceHandlerMapping'
2024-12-02T23:04:15.090+01:00 DEBUG 14540 --- [SafetyNet Alerts] [restartedMain] s.w.s.m.m.a.RequestMappingHandlerAdapter : ControllerAdvice beans: 0 @ModelAttribute, 0 @InitBinder, 1 RequestBodyAdvice, 1 ResponseBodyAdvice
2024-12-02T23:04:15.193+01:00 DEBUG 14540 --- [SafetyNet Alerts] [restartedMain] .m.m.a.ExceptionHandlerExceptionResolver : ControllerAdvice beans: 0 @ExceptionHandler, 1 ResponseBodyAdvice
2024-12-02T23:04:16.732+01:00  INFO 14540 --- [SafetyNet Alerts] [restartedMain] o.s.b.d.a.OptionalLiveReloadServer       : LiveReload server is running on port 35729
2024-12-02T23:04:16.768+01:00  INFO 14540 --- [SafetyNet Alerts] [restartedMain] o.s.b.a.e.web.EndpointLinksResolver      : Exposing 1 endpoint beneath base path '/actuator'
2024-12-02T23:04:16.944+01:00  INFO 14540 --- [SafetyNet Alerts] [restartedMain] o.s.b.w.embedded.tomcat.TomcatWebServer  : Tomcat started on port 8080 (http) with context path '/'
2024-12-02T23:04:16.996+01:00  INFO 14540 --- [SafetyNet Alerts] [restartedMain] c.s.alerts.SafetyNetAlertsApplication    : Started SafetyNetAlertsApplication in 10.968 seconds (process running for 12.105)
2024-12-02T23:04:36.629+01:00  INFO 14540 --- [SafetyNet Alerts] [http-nio-8080-exec-3] o.a.c.c.C.[Tomcat].[localhost].[/]       : Initializing Spring DispatcherServlet 'dispatcherServlet'
2024-12-02T23:04:36.629+01:00  INFO 14540 --- [SafetyNet Alerts] [http-nio-8080-exec-3] o.s.web.servlet.DispatcherServlet        : Initializing Servlet 'dispatcherServlet'
2024-12-02T23:04:36.629+01:00 DEBUG 14540 --- [SafetyNet Alerts] [http-nio-8080-exec-3] o.s.web.servlet.DispatcherServlet        : Detected StandardServletMultipartResolver
2024-12-02T23:04:36.629+01:00 DEBUG 14540 --- [SafetyNet Alerts] [http-nio-8080-exec-3] o.s.web.servlet.DispatcherServlet        : Detected AcceptHeaderLocaleResolver
2024-12-02T23:04:36.630+01:00 DEBUG 14540 --- [SafetyNet Alerts] [http-nio-8080-exec-3] o.s.web.servlet.DispatcherServlet        : Detected FixedThemeResolver
2024-12-02T23:04:36.631+01:00 DEBUG 14540 --- [SafetyNet Alerts] [http-nio-8080-exec-3] o.s.web.servlet.DispatcherServlet        : Detected org.springframework.web.servlet.view.DefaultRequestToViewNameTranslator@29a44594
2024-12-02T23:04:36.633+01:00 DEBUG 14540 --- [SafetyNet Alerts] [http-nio-8080-exec-3] o.s.web.servlet.DispatcherServlet        : Detected org.springframework.web.servlet.support.SessionFlashMapManager@8c30b55
2024-12-02T23:04:36.634+01:00 DEBUG 14540 --- [SafetyNet Alerts] [http-nio-8080-exec-3] o.s.web.servlet.DispatcherServlet        : enableLoggingRequestDetails='false': request parameters and headers will be masked to prevent unsafe logging of potentially sensitive data
2024-12-02T23:04:36.635+01:00  INFO 14540 --- [SafetyNet Alerts] [http-nio-8080-exec-3] o.s.web.servlet.DispatcherServlet        : Completed initialization in 6 ms
2024-12-02T23:04:36.664+01:00 DEBUG 14540 --- [SafetyNet Alerts] [http-nio-8080-exec-3] o.s.web.servlet.DispatcherServlet        : GET "/person", parameters={}
2024-12-02T23:04:36.676+01:00 DEBUG 14540 --- [SafetyNet Alerts] [http-nio-8080-exec-3] s.w.s.m.m.a.RequestMappingHandlerMapping : Mapped to com.safetynet.alerts.controller.PersonController#getAllPersons()
2024-12-02T23:04:36.776+01:00 DEBUG 14540 --- [SafetyNet Alerts] [http-nio-8080-exec-3] o.s.w.s.m.m.a.HttpEntityMethodProcessor  : Using 'application/json', given [*/*] and supported [application/json, application/*+json]
2024-12-02T23:04:36.778+01:00 DEBUG 14540 --- [SafetyNet Alerts] [http-nio-8080-exec-3] o.s.w.s.m.m.a.HttpEntityMethodProcessor  : Writing [[]]
2024-12-02T23:04:36.803+01:00 DEBUG 14540 --- [SafetyNet Alerts] [http-nio-8080-exec-3] o.s.web.servlet.DispatcherServlet        : Completed 200 OK
2024-12-02T23:04:56.584+01:00 DEBUG 14540 --- [SafetyNet Alerts] [http-nio-8080-exec-4] o.s.web.servlet.DispatcherServlet        : POST "/person/John/Boyd", parameters={}
2024-12-02T23:04:56.588+01:00  WARN 14540 --- [SafetyNet Alerts] [http-nio-8080-exec-4] .w.s.m.s.DefaultHandlerExceptionResolver : Resolved [org.springframework.web.HttpRequestMethodNotSupportedException: Request method 'POST' is not supported]
2024-12-02T23:04:56.588+01:00 DEBUG 14540 --- [SafetyNet Alerts] [http-nio-8080-exec-4] o.s.web.servlet.DispatcherServlet        : Completed 405 METHOD_NOT_ALLOWED
2024-12-02T23:04:56.599+01:00 DEBUG 14540 --- [SafetyNet Alerts] [http-nio-8080-exec-4] o.s.web.servlet.DispatcherServlet        : "ERROR" dispatch for POST "/error", parameters={}
2024-12-02T23:04:56.600+01:00 DEBUG 14540 --- [SafetyNet Alerts] [http-nio-8080-exec-4] s.w.s.m.m.a.RequestMappingHandlerMapping : Mapped to org.springframework.boot.autoconfigure.web.servlet.error.BasicErrorController#error(HttpServletRequest)
2024-12-02T23:04:56.613+01:00 DEBUG 14540 --- [SafetyNet Alerts] [http-nio-8080-exec-4] o.s.w.s.m.m.a.HttpEntityMethodProcessor  : Using 'application/json', given [*/*] and supported [application/json, application/*+json]
2024-12-02T23:04:56.614+01:00 DEBUG 14540 --- [SafetyNet Alerts] [http-nio-8080-exec-4] o.s.w.s.m.m.a.HttpEntityMethodProcessor  : Writing [{timestamp=Mon Dec 02 23:04:56 CET 2024, status=405, error=Method Not Allowed, trace=org.springframe (truncated)...]
2024-12-02T23:04:56.631+01:00 DEBUG 14540 --- [SafetyNet Alerts] [http-nio-8080-exec-4] o.s.web.servlet.DispatcherServlet        : Exiting from "ERROR" dispatch, status 405
2024-12-02T23:06:07.669+01:00 DEBUG 14540 --- [SafetyNet Alerts] [http-nio-8080-exec-6] o.s.web.servlet.DispatcherServlet        : POST "/person", parameters={}
2024-12-02T23:06:07.670+01:00 DEBUG 14540 --- [SafetyNet Alerts] [http-nio-8080-exec-6] s.w.s.m.m.a.RequestMappingHandlerMapping : Mapped to com.safetynet.alerts.controller.PersonController#addPerson(Person)
2024-12-02T23:06:07.681+01:00 DEBUG 14540 --- [SafetyNet Alerts] [http-nio-8080-exec-6] m.m.a.RequestResponseBodyMethodProcessor : Read "application/json;charset=UTF-8" to [com.safetynet.alerts.model.Person@3c812ac7]
2024-12-02T23:06:07.704+01:00 DEBUG 14540 --- [SafetyNet Alerts] [http-nio-8080-exec-6] o.s.w.s.m.m.a.HttpEntityMethodProcessor  : Using 'application/json', given [*/*] and supported [application/json, application/*+json]
2024-12-02T23:06:07.705+01:00 DEBUG 14540 --- [SafetyNet Alerts] [http-nio-8080-exec-6] o.s.w.s.m.m.a.HttpEntityMethodProcessor  : Writing [com.safetynet.alerts.model.Person@3c812ac7]
2024-12-02T23:06:07.707+01:00 DEBUG 14540 --- [SafetyNet Alerts] [http-nio-8080-exec-6] o.s.web.servlet.DispatcherServlet        : Completed 200 OK
2024-12-02T23:06:23.699+01:00 DEBUG 14540 --- [SafetyNet Alerts] [http-nio-8080-exec-7] o.s.web.servlet.DispatcherServlet        : GET "/person", parameters={}
2024-12-02T23:06:23.699+01:00 DEBUG 14540 --- [SafetyNet Alerts] [http-nio-8080-exec-7] s.w.s.m.m.a.RequestMappingHandlerMapping : Mapped to com.safetynet.alerts.controller.PersonController#getAllPersons()
2024-12-02T23:06:23.701+01:00 DEBUG 14540 --- [SafetyNet Alerts] [http-nio-8080-exec-7] o.s.w.s.m.m.a.HttpEntityMethodProcessor  : Using 'application/json', given [*/*] and supported [application/json, application/*+json]
2024-12-02T23:06:23.701+01:00 DEBUG 14540 --- [SafetyNet Alerts] [http-nio-8080-exec-7] o.s.w.s.m.m.a.HttpEntityMethodProcessor  : Writing [[com.safetynet.alerts.model.Person@3c812ac7]]
2024-12-02T23:06:23.703+01:00 DEBUG 14540 --- [SafetyNet Alerts] [http-nio-8080-exec-7] o.s.web.servlet.DispatcherServlet        : Completed 200 OK
2024-12-02T23:06:48.748+01:00 DEBUG 14540 --- [SafetyNet Alerts] [http-nio-8080-exec-8] o.s.web.servlet.DispatcherServlet        : POST "/person", parameters={}
2024-12-02T23:06:48.750+01:00 DEBUG 14540 --- [SafetyNet Alerts] [http-nio-8080-exec-8] s.w.s.m.m.a.RequestMappingHandlerMapping : Mapped to com.safetynet.alerts.controller.PersonController#addPerson(Person)
2024-12-02T23:06:48.752+01:00 DEBUG 14540 --- [SafetyNet Alerts] [http-nio-8080-exec-8] m.m.a.RequestResponseBodyMethodProcessor : Read "application/json;charset=UTF-8" to [com.safetynet.alerts.model.Person@65b34417]
2024-12-02T23:06:48.753+01:00 DEBUG 14540 --- [SafetyNet Alerts] [http-nio-8080-exec-8] o.s.w.s.m.m.a.HttpEntityMethodProcessor  : Using 'application/json', given [*/*] and supported [application/json, application/*+json]
2024-12-02T23:06:48.753+01:00 DEBUG 14540 --- [SafetyNet Alerts] [http-nio-8080-exec-8] o.s.w.s.m.m.a.HttpEntityMethodProcessor  : Writing [com.safetynet.alerts.model.Person@65b34417]
2024-12-02T23:06:48.755+01:00 DEBUG 14540 --- [SafetyNet Alerts] [http-nio-8080-exec-8] o.s.web.servlet.DispatcherServlet        : Completed 200 OK
2024-12-02T23:06:53.466+01:00 DEBUG 14540 --- [SafetyNet Alerts] [http-nio-8080-exec-9] o.s.web.servlet.DispatcherServlet        : GET "/person", parameters={}
2024-12-02T23:06:53.467+01:00 DEBUG 14540 --- [SafetyNet Alerts] [http-nio-8080-exec-9] s.w.s.m.m.a.RequestMappingHandlerMapping : Mapped to com.safetynet.alerts.controller.PersonController#getAllPersons()
2024-12-02T23:06:53.468+01:00 DEBUG 14540 --- [SafetyNet Alerts] [http-nio-8080-exec-9] o.s.w.s.m.m.a.HttpEntityMethodProcessor  : Using 'application/json', given [*/*] and supported [application/json, application/*+json]
2024-12-02T23:06:53.469+01:00 DEBUG 14540 --- [SafetyNet Alerts] [http-nio-8080-exec-9] o.s.w.s.m.m.a.HttpEntityMethodProcessor  : Writing [[com.safetynet.alerts.model.Person@3c812ac7, com.safetynet.alerts.model.Person@65b34417]]
2024-12-02T23:06:53.470+01:00 DEBUG 14540 --- [SafetyNet Alerts] [http-nio-8080-exec-9] o.s.web.servlet.DispatcherServlet        : Completed 200 OK
2024-12-02T23:07:30.732+01:00 DEBUG 14540 --- [SafetyNet Alerts] [http-nio-8080-exec-10] o.s.web.servlet.DispatcherServlet        : POST "/person", parameters={}
2024-12-02T23:07:30.732+01:00 DEBUG 14540 --- [SafetyNet Alerts] [http-nio-8080-exec-10] s.w.s.m.m.a.RequestMappingHandlerMapping : Mapped to com.safetynet.alerts.controller.PersonController#addPerson(Person)
2024-12-02T23:07:30.734+01:00 DEBUG 14540 --- [SafetyNet Alerts] [http-nio-8080-exec-10] m.m.a.RequestResponseBodyMethodProcessor : Read "application/json;charset=UTF-8" to [com.safetynet.alerts.model.Person@3bbbdc96]
2024-12-02T23:07:30.734+01:00 DEBUG 14540 --- [SafetyNet Alerts] [http-nio-8080-exec-10] o.s.w.s.m.m.a.HttpEntityMethodProcessor  : Using 'application/json', given [*/*] and supported [application/json, application/*+json]
2024-12-02T23:07:30.735+01:00 DEBUG 14540 --- [SafetyNet Alerts] [http-nio-8080-exec-10] o.s.w.s.m.m.a.HttpEntityMethodProcessor  : Writing [com.safetynet.alerts.model.Person@3bbbdc96]
2024-12-02T23:07:30.738+01:00 DEBUG 14540 --- [SafetyNet Alerts] [http-nio-8080-exec-10] o.s.web.servlet.DispatcherServlet        : Completed 200 OK
2024-12-02T23:07:43.326+01:00 DEBUG 14540 --- [SafetyNet Alerts] [http-nio-8080-exec-1] o.s.web.servlet.DispatcherServlet        : PUT "/person/John/Boyd", parameters={}
2024-12-02T23:07:43.327+01:00 DEBUG 14540 --- [SafetyNet Alerts] [http-nio-8080-exec-1] s.w.s.m.m.a.RequestMappingHandlerMapping : Mapped to com.safetynet.alerts.controller.PersonController#updatePerson(String, String, Person)
2024-12-02T23:07:43.339+01:00 DEBUG 14540 --- [SafetyNet Alerts] [http-nio-8080-exec-1] m.m.a.RequestResponseBodyMethodProcessor : Read "application/json;charset=UTF-8" to [com.safetynet.alerts.model.Person@1be134e5]
2024-12-02T23:07:43.340+01:00  INFO 14540 --- [SafetyNet Alerts] [http-nio-8080-exec-1] c.s.alerts.controller.PersonController   : Received PUT request for: John Boyd
2024-12-02T23:07:43.341+01:00  INFO 14540 --- [SafetyNet Alerts] [http-nio-8080-exec-1] c.s.alerts.controller.PersonController   : Request body: com.safetynet.alerts.model.Person@1be134e5
2024-12-02T23:07:43.341+01:00  INFO 14540 --- [SafetyNet Alerts] [http-nio-8080-exec-1] c.s.alerts.service.PersonService         : Person updated successfully: com.safetynet.alerts.model.Person@3c812ac7
2024-12-02T23:07:43.342+01:00  INFO 14540 --- [SafetyNet Alerts] [http-nio-8080-exec-1] c.s.alerts.controller.PersonController   : Person updated successfully: com.safetynet.alerts.model.Person@3c812ac7
2024-12-02T23:07:43.342+01:00 DEBUG 14540 --- [SafetyNet Alerts] [http-nio-8080-exec-1] o.s.w.s.m.m.a.HttpEntityMethodProcessor  : Using 'application/json', given [*/*] and supported [application/json, application/*+json]
2024-12-02T23:07:43.343+01:00 DEBUG 14540 --- [SafetyNet Alerts] [http-nio-8080-exec-1] o.s.w.s.m.m.a.HttpEntityMethodProcessor  : Writing [com.safetynet.alerts.model.Person@3c812ac7]
2024-12-02T23:07:43.344+01:00 DEBUG 14540 --- [SafetyNet Alerts] [http-nio-8080-exec-1] o.s.web.servlet.DispatcherServlet        : Completed 200 OK
2024-12-02T23:08:08.725+01:00 DEBUG 14540 --- [SafetyNet Alerts] [http-nio-8080-exec-3] o.s.web.servlet.DispatcherServlet        : PUT "/person/John/Boyd", parameters={}
2024-12-02T23:08:08.726+01:00 DEBUG 14540 --- [SafetyNet Alerts] [http-nio-8080-exec-3] s.w.s.m.m.a.RequestMappingHandlerMapping : Mapped to com.safetynet.alerts.controller.PersonController#updatePerson(String, String, Person)
2024-12-02T23:08:08.727+01:00 DEBUG 14540 --- [SafetyNet Alerts] [http-nio-8080-exec-3] m.m.a.RequestResponseBodyMethodProcessor : Read "application/json;charset=UTF-8" to [com.safetynet.alerts.model.Person@6f451885]
2024-12-02T23:08:08.728+01:00  INFO 14540 --- [SafetyNet Alerts] [http-nio-8080-exec-3] c.s.alerts.controller.PersonController   : Received PUT request for: John Boyd
2024-12-02T23:08:08.728+01:00  INFO 14540 --- [SafetyNet Alerts] [http-nio-8080-exec-3] c.s.alerts.controller.PersonController   : Request body: com.safetynet.alerts.model.Person@6f451885
2024-12-02T23:08:08.729+01:00  INFO 14540 --- [SafetyNet Alerts] [http-nio-8080-exec-3] c.s.alerts.service.PersonService         : Person updated successfully: com.safetynet.alerts.model.Person@3c812ac7
2024-12-02T23:08:08.729+01:00  INFO 14540 --- [SafetyNet Alerts] [http-nio-8080-exec-3] c.s.alerts.controller.PersonController   : Person updated successfully: com.safetynet.alerts.model.Person@3c812ac7
2024-12-02T23:08:08.729+01:00 DEBUG 14540 --- [SafetyNet Alerts] [http-nio-8080-exec-3] o.s.w.s.m.m.a.HttpEntityMethodProcessor  : Using 'application/json', given [*/*] and supported [application/json, application/*+json]
2024-12-02T23:08:08.730+01:00 DEBUG 14540 --- [SafetyNet Alerts] [http-nio-8080-exec-3] o.s.w.s.m.m.a.HttpEntityMethodProcessor  : Writing [com.safetynet.alerts.model.Person@3c812ac7]
2024-12-02T23:08:08.733+01:00 DEBUG 14540 --- [SafetyNet Alerts] [http-nio-8080-exec-3] o.s.web.servlet.DispatcherServlet        : Completed 200 OK
2024-12-02T23:08:13.885+01:00 DEBUG 14540 --- [SafetyNet Alerts] [http-nio-8080-exec-4] o.s.web.servlet.DispatcherServlet        : GET "/person", parameters={}
2024-12-02T23:08:13.886+01:00 DEBUG 14540 --- [SafetyNet Alerts] [http-nio-8080-exec-4] s.w.s.m.m.a.RequestMappingHandlerMapping : Mapped to com.safetynet.alerts.controller.PersonController#getAllPersons()
2024-12-02T23:08:13.889+01:00 DEBUG 14540 --- [SafetyNet Alerts] [http-nio-8080-exec-4] o.s.w.s.m.m.a.HttpEntityMethodProcessor  : Using 'application/json', given [*/*] and supported [application/json, application/*+json]
2024-12-02T23:08:13.889+01:00 DEBUG 14540 --- [SafetyNet Alerts] [http-nio-8080-exec-4] o.s.w.s.m.m.a.HttpEntityMethodProcessor  : Writing [[com.safetynet.alerts.model.Person@65b34417, com.safetynet.alerts.model.Person@3bbbdc96, com.safetyn (truncated)...]
2024-12-02T23:08:13.890+01:00 DEBUG 14540 --- [SafetyNet Alerts] [http-nio-8080-exec-4] o.s.web.servlet.DispatcherServlet        : Completed 200 OK
2024-12-02T23:08:32.500+01:00 DEBUG 14540 --- [SafetyNet Alerts] [http-nio-8080-exec-2] o.s.web.servlet.DispatcherServlet        : DELETE "/person/John/Boyd", parameters={}
2024-12-02T23:08:32.501+01:00 DEBUG 14540 --- [SafetyNet Alerts] [http-nio-8080-exec-2] s.w.s.m.m.a.RequestMappingHandlerMapping : Mapped to com.safetynet.alerts.controller.PersonController#deletePerson(String, String)
2024-12-02T23:08:32.506+01:00 DEBUG 14540 --- [SafetyNet Alerts] [http-nio-8080-exec-2] o.s.w.s.m.m.a.HttpEntityMethodProcessor  : Using 'application/json', given [*/*] and supported [application/json, application/*+json]
2024-12-02T23:08:32.507+01:00 DEBUG 14540 --- [SafetyNet Alerts] [http-nio-8080-exec-2] o.s.w.s.m.m.a.HttpEntityMethodProcessor  : Nothing to write: null body
2024-12-02T23:08:32.507+01:00 DEBUG 14540 --- [SafetyNet Alerts] [http-nio-8080-exec-2] o.s.web.servlet.DispatcherServlet        : Completed 204 NO_CONTENT
2024-12-02T23:08:38.174+01:00 DEBUG 14540 --- [SafetyNet Alerts] [http-nio-8080-exec-5] o.s.web.servlet.DispatcherServlet        : GET "/person", parameters={}
2024-12-02T23:08:38.175+01:00 DEBUG 14540 --- [SafetyNet Alerts] [http-nio-8080-exec-5] s.w.s.m.m.a.RequestMappingHandlerMapping : Mapped to com.safetynet.alerts.controller.PersonController#getAllPersons()
2024-12-02T23:08:38.176+01:00 DEBUG 14540 --- [SafetyNet Alerts] [http-nio-8080-exec-5] o.s.w.s.m.m.a.HttpEntityMethodProcessor  : Using 'application/json', given [*/*] and supported [application/json, application/*+json]
2024-12-02T23:08:38.176+01:00 DEBUG 14540 --- [SafetyNet Alerts] [http-nio-8080-exec-5] o.s.w.s.m.m.a.HttpEntityMethodProcessor  : Writing [[com.safetynet.alerts.model.Person@65b34417, com.safetynet.alerts.model.Person@3bbbdc96]]
2024-12-02T23:08:38.178+01:00 DEBUG 14540 --- [SafetyNet Alerts] [http-nio-8080-exec-5] o.s.web.servlet.DispatcherServlet        : Completed 200 OK
